
*** Running vivado
    with args -log au_top_0.vdi -applog -m64 -product Vivado -messageDb vivado.pb -mode batch -source au_top_0.tcl -notrace



****** Vivado v2020.2 (64-bit)
  **** SW Build 3064766 on Wed Nov 18 09:12:45 MST 2020
  **** IP Build 3064653 on Wed Nov 18 14:17:31 MST 2020
    ** Copyright 1986-2020 Xilinx, Inc. All Rights Reserved.

source au_top_0.tcl -notrace
Command: link_design -top au_top_0 -part xc7a35tftg256-1
Design is defaulting to srcset: sources_1
Design is defaulting to constrset: constrs_1
INFO: [Device 21-403] Loading part xc7a35tftg256-1
Netlist sorting complete. Time (s): cpu = 00:00:00 ; elapsed = 00:00:00.013 . Memory (MB): peak = 999.883 ; gain = 0.000
INFO: [Netlist 29-17] Analyzing 83 Unisim elements for replacement
INFO: [Netlist 29-28] Unisim Transformation completed in 0 CPU seconds
INFO: [Project 1-479] Netlist was created with Vivado 2020.2
INFO: [Project 1-570] Preparing netlist for logic optimization
Parsing XDC File [C:/Users/Bryce/Desktop/wordle/wordle4/work/constraint/alchitry.xdc]
Finished Parsing XDC File [C:/Users/Bryce/Desktop/wordle/wordle4/work/constraint/alchitry.xdc]
Parsing XDC File [C:/Users/Bryce/Desktop/wordle/wordle4/constraint/au.xdc]
Finished Parsing XDC File [C:/Users/Bryce/Desktop/wordle/wordle4/constraint/au.xdc]
INFO: [Opt 31-138] Pushed 0 inverter(s) to 0 load pin(s).
Netlist sorting complete. Time (s): cpu = 00:00:00 ; elapsed = 00:00:00.001 . Memory (MB): peak = 999.883 ; gain = 0.000
INFO: [Project 1-111] Unisim Transformation Summary:
No Unisim elements were transformed.

7 Infos, 0 Warnings, 0 Critical Warnings and 0 Errors encountered.
link_design completed successfully
link_design: Time (s): cpu = 00:00:07 ; elapsed = 00:00:07 . Memory (MB): peak = 999.883 ; gain = 0.000
Command: opt_design
Attempting to get a license for feature 'Implementation' and/or device 'xc7a35t'
INFO: [Common 17-349] Got license for feature 'Implementation' and/or device 'xc7a35t'
Running DRC as a precondition to command opt_design

Starting DRC Task
INFO: [DRC 23-27] Running DRC with 2 threads
INFO: [Project 1-461] DRC finished with 0 Errors
INFO: [Project 1-462] Please refer to the DRC report (report_drc) for more information.

Time (s): cpu = 00:00:01 ; elapsed = 00:00:00.877 . Memory (MB): peak = 999.883 ; gain = 0.000

Starting Cache Timing Information Task
INFO: [Timing 38-35] Done setting XDC timing constraints.
Ending Cache Timing Information Task | Checksum: 214b84fc0

Time (s): cpu = 00:00:08 ; elapsed = 00:00:08 . Memory (MB): peak = 1243.680 ; gain = 243.797

Starting Logic Optimization Task

Phase 1 Retarget
INFO: [Opt 31-138] Pushed 0 inverter(s) to 0 load pin(s).
INFO: [Opt 31-49] Retargeted 0 cell(s).
Phase 1 Retarget | Checksum: 1fd4a67f7

Time (s): cpu = 00:00:00 ; elapsed = 00:00:00.077 . Memory (MB): peak = 1445.969 ; gain = 0.000
INFO: [Opt 31-389] Phase Retarget created 0 cells and removed 9 cells

Phase 2 Constant propagation
INFO: [Opt 31-138] Pushed 0 inverter(s) to 0 load pin(s).
Phase 2 Constant propagation | Checksum: 173f2fbb3

Time (s): cpu = 00:00:00 ; elapsed = 00:00:00.086 . Memory (MB): peak = 1445.969 ; gain = 0.000
INFO: [Opt 31-389] Phase Constant propagation created 0 cells and removed 0 cells

Phase 3 Sweep
Phase 3 Sweep | Checksum: 22c19a00f

Time (s): cpu = 00:00:00 ; elapsed = 00:00:00.099 . Memory (MB): peak = 1445.969 ; gain = 0.000
INFO: [Opt 31-389] Phase Sweep created 3 cells and removed 0 cells

Phase 4 BUFG optimization
Phase 4 BUFG optimization | Checksum: 22c19a00f

Time (s): cpu = 00:00:00 ; elapsed = 00:00:00.112 . Memory (MB): peak = 1445.969 ; gain = 0.000
INFO: [Opt 31-662] Phase BUFG optimization created 0 cells of which 0 are BUFGs and removed 0 cells.

Phase 5 Shift Register Optimization
INFO: [Opt 31-1064] SRL Remap converted 0 SRLs to 0 registers and converted 0 registers of register chains to 0 SRLs
Phase 5 Shift Register Optimization | Checksum: 22c19a00f

Time (s): cpu = 00:00:00 ; elapsed = 00:00:00.118 . Memory (MB): peak = 1445.969 ; gain = 0.000
INFO: [Opt 31-389] Phase Shift Register Optimization created 0 cells and removed 0 cells

Phase 6 Post Processing Netlist
Phase 6 Post Processing Netlist | Checksum: 22c19a00f

Time (s): cpu = 00:00:00 ; elapsed = 00:00:00.127 . Memory (MB): peak = 1445.969 ; gain = 0.000
INFO: [Opt 31-389] Phase Post Processing Netlist created 0 cells and removed 0 cells
Opt_design Change Summary
=========================


-------------------------------------------------------------------------------------------------------------------------
|  Phase                        |  #Cells created  |  #Cells Removed  |  #Constrained objects preventing optimizations  |
-------------------------------------------------------------------------------------------------------------------------
|  Retarget                     |               0  |               9  |                                              0  |
|  Constant propagation         |               0  |               0  |                                              0  |
|  Sweep                        |               3  |               0  |                                              0  |
|  BUFG optimization            |               0  |               0  |                                              0  |
|  Shift Register Optimization  |               0  |               0  |                                              0  |
|  Post Processing Netlist      |               0  |               0  |                                              0  |
-------------------------------------------------------------------------------------------------------------------------



Starting Connectivity Check Task

Time (s): cpu = 00:00:00 ; elapsed = 00:00:00.001 . Memory (MB): peak = 1445.969 ; gain = 0.000
Ending Logic Optimization Task | Checksum: 1cc60ba8c

Time (s): cpu = 00:00:00 ; elapsed = 00:00:00.156 . Memory (MB): peak = 1445.969 ; gain = 0.000

Starting Power Optimization Task
INFO: [Pwropt 34-132] Skipping clock gating for clocks with a period < 2.00 ns.
Ending Power Optimization Task | Checksum: 1cc60ba8c

Time (s): cpu = 00:00:00 ; elapsed = 00:00:00.008 . Memory (MB): peak = 1445.969 ; gain = 0.000

Starting Final Cleanup Task
Ending Final Cleanup Task | Checksum: 1cc60ba8c

Time (s): cpu = 00:00:00 ; elapsed = 00:00:00 . Memory (MB): peak = 1445.969 ; gain = 0.000

Starting Netlist Obfuscation Task
Netlist sorting complete. Time (s): cpu = 00:00:00 ; elapsed = 00:00:00 . Memory (MB): peak = 1445.969 ; gain = 0.000
Ending Netlist Obfuscation Task | Checksum: 1cc60ba8c

Time (s): cpu = 00:00:00 ; elapsed = 00:00:00 . Memory (MB): peak = 1445.969 ; gain = 0.000
INFO: [Common 17-83] Releasing license: Implementation
24 Infos, 0 Warnings, 0 Critical Warnings and 0 Errors encountered.
opt_design completed successfully
opt_design: Time (s): cpu = 00:00:11 ; elapsed = 00:00:11 . Memory (MB): peak = 1445.969 ; gain = 446.086
INFO: [Timing 38-480] Writing timing data to binary archive.
Writing placer database...
Writing XDEF routing.
Writing XDEF routing logical nets.
Writing XDEF routing special nets.
Write XDEF Complete: Time (s): cpu = 00:00:00 ; elapsed = 00:00:00.051 . Memory (MB): peak = 1445.969 ; gain = 0.000
INFO: [Common 17-1381] The checkpoint 'C:/Users/Bryce/Desktop/wordle/wordle4/work/vivado/wordle4/wordle4.runs/impl_1/au_top_0_opt.dcp' has been generated.
INFO: [runtcl-4] Executing : report_drc -file au_top_0_drc_opted.rpt -pb au_top_0_drc_opted.pb -rpx au_top_0_drc_opted.rpx
Command: report_drc -file au_top_0_drc_opted.rpt -pb au_top_0_drc_opted.pb -rpx au_top_0_drc_opted.rpx
INFO: [IP_Flow 19-234] Refreshing IP repositories
INFO: [IP_Flow 19-1704] No user IP repositories specified
INFO: [IP_Flow 19-2313] Loaded Vivado IP repository 'C:/Xilinx/Vivado/2020.2/data/ip'.
INFO: [Timing 38-35] Done setting XDC timing constraints.
INFO: [DRC 23-27] Running DRC with 2 threads
INFO: [Coretcl 2-168] The results of DRC are in file C:/Users/Bryce/Desktop/wordle/wordle4/work/vivado/wordle4/wordle4.runs/impl_1/au_top_0_drc_opted.rpt.
report_drc completed successfully
Command: place_design
Attempting to get a license for feature 'Implementation' and/or device 'xc7a35t'
INFO: [Common 17-349] Got license for feature 'Implementation' and/or device 'xc7a35t'
INFO: [DRC 23-27] Running DRC with 2 threads
INFO: [Vivado_Tcl 4-198] DRC finished with 0 Errors
INFO: [Vivado_Tcl 4-199] Please refer to the DRC report (report_drc) for more information.
Running DRC as a precondition to command place_design
INFO: [DRC 23-27] Running DRC with 2 threads
INFO: [Vivado_Tcl 4-198] DRC finished with 0 Errors
INFO: [Vivado_Tcl 4-199] Please refer to the DRC report (report_drc) for more information.

Starting Placer Task
INFO: [Place 30-611] Multithreading enabled for place_design using a maximum of 2 CPUs

Phase 1 Placer Initialization

Phase 1.1 Placer Initialization Netlist Sorting
Netlist sorting complete. Time (s): cpu = 00:00:00 ; elapsed = 00:00:00.001 . Memory (MB): peak = 1494.480 ; gain = 0.000
Phase 1.1 Placer Initialization Netlist Sorting | Checksum: 157068ffd

Time (s): cpu = 00:00:00 ; elapsed = 00:00:00.005 . Memory (MB): peak = 1494.480 ; gain = 0.000
Netlist sorting complete. Time (s): cpu = 00:00:00 ; elapsed = 00:00:00 . Memory (MB): peak = 1494.480 ; gain = 0.000

Phase 1.2 IO Placement/ Clock Placement/ Build Placer Device
Phase 1.2 IO Placement/ Clock Placement/ Build Placer Device | Checksum: e3b2384a

Time (s): cpu = 00:00:01 ; elapsed = 00:00:00.339 . Memory (MB): peak = 1494.480 ; gain = 0.000

Phase 1.3 Build Placer Netlist Model
Phase 1.3 Build Placer Netlist Model | Checksum: 1462e6c95

Time (s): cpu = 00:00:01 ; elapsed = 00:00:00.679 . Memory (MB): peak = 1494.480 ; gain = 0.000

Phase 1.4 Constrain Clocks/Macros
Phase 1.4 Constrain Clocks/Macros | Checksum: 1462e6c95

Time (s): cpu = 00:00:01 ; elapsed = 00:00:00.682 . Memory (MB): peak = 1494.480 ; gain = 0.000
Phase 1 Placer Initialization | Checksum: 1462e6c95

Time (s): cpu = 00:00:01 ; elapsed = 00:00:00.686 . Memory (MB): peak = 1494.480 ; gain = 0.000

Phase 2 Global Placement

Phase 2.1 Floorplanning
Phase 2.1 Floorplanning | Checksum: 12acda830

Time (s): cpu = 00:00:02 ; elapsed = 00:00:00.867 . Memory (MB): peak = 1494.480 ; gain = 0.000

Phase 2.2 Update Timing before SLR Path Opt
Phase 2.2 Update Timing before SLR Path Opt | Checksum: 12fe3a84e

Time (s): cpu = 00:00:02 ; elapsed = 00:00:00.955 . Memory (MB): peak = 1494.480 ; gain = 0.000

Phase 2.3 Global Placement Core

Phase 2.3.1 Physical Synthesis In Placer
INFO: [Physopt 32-1035] Found 32 LUTNM shape to break, 5 LUT instances to create LUTNM shape
INFO: [Physopt 32-1044] Break lutnm for timing: one critical 4, two critical 28, total 32, new lutff created 1
INFO: [Physopt 32-775] End 1 Pass. Optimized 33 nets or cells. Created 32 new cells, deleted 1 existing cell and moved 0 existing cell
INFO: [Physopt 32-65] No nets found for high-fanout optimization.
INFO: [Physopt 32-232] Optimized 0 net. Created 0 new instance.
INFO: [Physopt 32-775] End 1 Pass. Optimized 0 net or cell. Created 0 new cell, deleted 0 existing cell and moved 0 existing cell
INFO: [Physopt 32-456] No candidate cells for DSP register optimization found in the design.
INFO: [Physopt 32-775] End 2 Pass. Optimized 0 net or cell. Created 0 new cell, deleted 0 existing cell and moved 0 existing cell
INFO: [Physopt 32-1123] No candidate cells found for Shift Register to Pipeline optimization
INFO: [Physopt 32-775] End 1 Pass. Optimized 0 net or cell. Created 0 new cell, deleted 0 existing cell and moved 0 existing cell
INFO: [Physopt 32-677] No candidate cells for Shift Register optimization found in the design
INFO: [Physopt 32-775] End 1 Pass. Optimized 0 net or cell. Created 0 new cell, deleted 0 existing cell and moved 0 existing cell
INFO: [Physopt 32-526] No candidate cells for BRAM register optimization found in the design
INFO: [Physopt 32-775] End 1 Pass. Optimized 0 net or cell. Created 0 new cell, deleted 0 existing cell and moved 0 existing cell
INFO: [Physopt 32-846] No candidate cells for URAM register optimization found in the design
INFO: [Physopt 32-775] End 2 Pass. Optimized 0 net or cell. Created 0 new cell, deleted 0 existing cell and moved 0 existing cell
INFO: [Physopt 32-949] No candidate nets found for dynamic/static region interface net replication
INFO: [Physopt 32-775] End 1 Pass. Optimized 0 net or cell. Created 0 new cell, deleted 0 existing cell and moved 0 existing cell
Netlist sorting complete. Time (s): cpu = 00:00:00 ; elapsed = 00:00:00 . Memory (MB): peak = 1494.480 ; gain = 0.000

Summary of Physical Synthesis Optimizations
============================================


-----------------------------------------------------------------------------------------------------------------------------------------------------------
|  Optimization                                     |  Added Cells  |  Removed Cells  |  Optimized Cells/Nets  |  Dont Touch  |  Iterations  |  Elapsed   |
-----------------------------------------------------------------------------------------------------------------------------------------------------------
|  LUT Combining                                    |           32  |              1  |                    33  |           0  |           1  |  00:00:00  |
|  Very High Fanout                                 |            0  |              0  |                     0  |           0  |           1  |  00:00:00  |
|  DSP Register                                     |            0  |              0  |                     0  |           0  |           1  |  00:00:00  |
|  Shift Register to Pipeline                       |            0  |              0  |                     0  |           0  |           1  |  00:00:00  |
|  Shift Register                                   |            0  |              0  |                     0  |           0  |           1  |  00:00:00  |
|  BRAM Register                                    |            0  |              0  |                     0  |           0  |           1  |  00:00:00  |
|  URAM Register                                    |            0  |              0  |                     0  |           0  |           1  |  00:00:00  |
|  Dynamic/Static Region Interface Net Replication  |            0  |              0  |                     0  |           0  |           1  |  00:00:00  |
|  Total                                            |           32  |              1  |                    33  |           0  |           8  |  00:00:00  |
-----------------------------------------------------------------------------------------------------------------------------------------------------------


Phase 2.3.1 Physical Synthesis In Placer | Checksum: 16cbf471f

Time (s): cpu = 00:00:08 ; elapsed = 00:00:04 . Memory (MB): peak = 1494.480 ; gain = 0.000
Phase 2.3 Global Placement Core | Checksum: 224b1be96

Time (s): cpu = 00:00:08 ; elapsed = 00:00:04 . Memory (MB): peak = 1494.480 ; gain = 0.000
Phase 2 Global Placement | Checksum: 224b1be96

Time (s): cpu = 00:00:08 ; elapsed = 00:00:04 . Memory (MB): peak = 1494.480 ; gain = 0.000

Phase 3 Detail Placement

Phase 3.1 Commit Multi Column Macros
Phase 3.1 Commit Multi Column Macros | Checksum: 1476a6f7a

Time (s): cpu = 00:00:08 ; elapsed = 00:00:04 . Memory (MB): peak = 1494.480 ; gain = 0.000

Phase 3.2 Commit Most Macros & LUTRAMs
Phase 3.2 Commit Most Macros & LUTRAMs | Checksum: 1df3c6fd9

Time (s): cpu = 00:00:08 ; elapsed = 00:00:04 . Memory (MB): peak = 1494.480 ; gain = 0.000

Phase 3.3 Area Swap Optimization
Phase 3.3 Area Swap Optimization | Checksum: 1b92fc5bb

Time (s): cpu = 00:00:08 ; elapsed = 00:00:04 . Memory (MB): peak = 1494.480 ; gain = 0.000

Phase 3.4 Pipeline Register Optimization
Phase 3.4 Pipeline Register Optimization | Checksum: 147646906

Time (s): cpu = 00:00:08 ; elapsed = 00:00:04 . Memory (MB): peak = 1494.480 ; gain = 0.000

Phase 3.5 Fast Optimization
Phase 3.5 Fast Optimization | Checksum: 14e2f1fc0

Time (s): cpu = 00:00:13 ; elapsed = 00:00:09 . Memory (MB): peak = 1494.480 ; gain = 0.000

Phase 3.6 Small Shape Detail Placement
Phase 3.6 Small Shape Detail Placement | Checksum: 1af1e6110

Time (s): cpu = 00:00:13 ; elapsed = 00:00:09 . Memory (MB): peak = 1494.480 ; gain = 0.000

Phase 3.7 Re-assign LUT pins
Phase 3.7 Re-assign LUT pins | Checksum: 1f0bb9f25

Time (s): cpu = 00:00:13 ; elapsed = 00:00:09 . Memory (MB): peak = 1494.480 ; gain = 0.000

Phase 3.8 Pipeline Register Optimization
Phase 3.8 Pipeline Register Optimization | Checksum: 1e02f6257

Time (s): cpu = 00:00:13 ; elapsed = 00:00:09 . Memory (MB): peak = 1494.480 ; gain = 0.000

Phase 3.9 Fast Optimization
Phase 3.9 Fast Optimization | Checksum: 22fafbe7a

Time (s): cpu = 00:00:19 ; elapsed = 00:00:15 . Memory (MB): peak = 1494.480 ; gain = 0.000
Phase 3 Detail Placement | Checksum: 22fafbe7a

Time (s): cpu = 00:00:19 ; elapsed = 00:00:15 . Memory (MB): peak = 1494.480 ; gain = 0.000

Phase 4 Post Placement Optimization and Clean-Up

Phase 4.1 Post Commit Optimization
INFO: [Timing 38-35] Done setting XDC timing constraints.

Phase 4.1.1 Post Placement Optimization
Post Placement Optimization Initialization | Checksum: 1e6d4bd87

Phase 4.1.1.1 BUFG Insertion

Starting Physical Synthesis Task

Phase 1 Physical Synthesis Initialization
INFO: [Physopt 32-721] Multithreading enabled for phys_opt_design using a maximum of 2 CPUs
INFO: [Physopt 32-619] Estimated Timing Summary | WNS=-26.754 | TNS=-9022.917 |
Phase 1 Physical Synthesis Initialization | Checksum: 1c2566476

Time (s): cpu = 00:00:00 ; elapsed = 00:00:00.053 . Memory (MB): peak = 1494.480 ; gain = 0.000
INFO: [Place 46-56] BUFG insertion identified 0 candidate nets. Inserted BUFG: 0, Replicated BUFG Driver: 0, Skipped due to Placement/Routing Conflicts: 0, Skipped due to Timing Degradation: 0, Skipped due to Illegal Netlist: 0.
Ending Physical Synthesis Task | Checksum: 1c0b43bbe

Time (s): cpu = 00:00:00 ; elapsed = 00:00:00.056 . Memory (MB): peak = 1494.480 ; gain = 0.000
Phase 4.1.1.1 BUFG Insertion | Checksum: 1e6d4bd87

Time (s): cpu = 00:00:19 ; elapsed = 00:00:15 . Memory (MB): peak = 1494.480 ; gain = 0.000
INFO: [Place 30-746] Post Placement Timing Summary WNS=-21.640. For the most accurate timing information please run report_timing.

Time (s): cpu = 00:00:29 ; elapsed = 00:00:26 . Memory (MB): peak = 1494.480 ; gain = 0.000
Phase 4.1 Post Commit Optimization | Checksum: 208188178

Time (s): cpu = 00:00:29 ; elapsed = 00:00:26 . Memory (MB): peak = 1494.480 ; gain = 0.000

Phase 4.2 Post Placement Cleanup
Phase 4.2 Post Placement Cleanup | Checksum: 208188178

Time (s): cpu = 00:00:29 ; elapsed = 00:00:26 . Memory (MB): peak = 1494.480 ; gain = 0.000

Phase 4.3 Placer Reporting

Phase 4.3.1 Print Estimated Congestion
INFO: [Place 30-612] Post-Placement Estimated Congestion 
 ____________________________________________________
|           | Global Congestion | Short Congestion  |
| Direction | Region Size       | Region Size       |
|___________|___________________|___________________|
|      North|                1x1|                2x2|
|___________|___________________|___________________|
|      South|                1x1|                2x2|
|___________|___________________|___________________|
|       East|                1x1|                1x1|
|___________|___________________|___________________|
|       West|                1x1|                1x1|
|___________|___________________|___________________|

Phase 4.3.1 Print Estimated Congestion | Checksum: 208188178

Time (s): cpu = 00:00:29 ; elapsed = 00:00:26 . Memory (MB): peak = 1494.480 ; gain = 0.000
Phase 4.3 Placer Reporting | Checksum: 208188178

Time (s): cpu = 00:00:29 ; elapsed = 00:00:26 . Memory (MB): peak = 1494.480 ; gain = 0.000

Phase 4.4 Final Placement Cleanup
Netlist sorting complete. Time (s): cpu = 00:00:00 ; elapsed = 00:00:00.001 . Memory (MB): peak = 1494.480 ; gain = 0.000

Time (s): cpu = 00:00:30 ; elapsed = 00:00:26 . Memory (MB): peak = 1494.480 ; gain = 0.000
Phase 4 Post Placement Optimization and Clean-Up | Checksum: 23527aad3

Time (s): cpu = 00:00:30 ; elapsed = 00:00:26 . Memory (MB): peak = 1494.480 ; gain = 0.000
Ending Placer Task | Checksum: 1b177dda7

Time (s): cpu = 00:00:30 ; elapsed = 00:00:26 . Memory (MB): peak = 1494.480 ; gain = 0.000
INFO: [Common 17-83] Releasing license: Implementation
66 Infos, 0 Warnings, 0 Critical Warnings and 0 Errors encountered.
place_design completed successfully
place_design: Time (s): cpu = 00:00:31 ; elapsed = 00:00:27 . Memory (MB): peak = 1494.480 ; gain = 0.000
INFO: [Timing 38-480] Writing timing data to binary archive.
Writing placer database...
Writing XDEF routing.
Writing XDEF routing logical nets.
Writing XDEF routing special nets.
Write XDEF Complete: Time (s): cpu = 00:00:00 ; elapsed = 00:00:00.142 . Memory (MB): peak = 1494.480 ; gain = 0.000
INFO: [Common 17-1381] The checkpoint 'C:/Users/Bryce/Desktop/wordle/wordle4/work/vivado/wordle4/wordle4.runs/impl_1/au_top_0_placed.dcp' has been generated.
INFO: [runtcl-4] Executing : report_io -file au_top_0_io_placed.rpt
report_io: Time (s): cpu = 00:00:00 ; elapsed = 00:00:00.033 . Memory (MB): peak = 1494.480 ; gain = 0.000
INFO: [runtcl-4] Executing : report_utilization -file au_top_0_utilization_placed.rpt -pb au_top_0_utilization_placed.pb
INFO: [runtcl-4] Executing : report_control_sets -verbose -file au_top_0_control_sets_placed.rpt
report_control_sets: Time (s): cpu = 00:00:00 ; elapsed = 00:00:00.004 . Memory (MB): peak = 1494.480 ; gain = 0.000
Command: phys_opt_design
Attempting to get a license for feature 'Implementation' and/or device 'xc7a35t'
INFO: [Common 17-349] Got license for feature 'Implementation' and/or device 'xc7a35t'
Netlist sorting complete. Time (s): cpu = 00:00:00 ; elapsed = 00:00:00.001 . Memory (MB): peak = 1494.480 ; gain = 0.000

Starting Physical Synthesis Task

Phase 1 Physical Synthesis Initialization
INFO: [Physopt 32-721] Multithreading enabled for phys_opt_design using a maximum of 2 CPUs
INFO: [Physopt 32-619] Estimated Timing Summary | WNS=-21.886 | TNS=-7577.632 |
Phase 1 Physical Synthesis Initialization | Checksum: 1754af099

Time (s): cpu = 00:00:01 ; elapsed = 00:00:00.136 . Memory (MB): peak = 1494.480 ; gain = 0.000
INFO: [Physopt 32-619] Estimated Timing Summary | WNS=-21.886 | TNS=-7577.632 |

Phase 2 DSP Register Optimization
INFO: [Physopt 32-456] No candidate cells for DSP register optimization found in the design.
INFO: [Physopt 32-775] End 2 Pass. Optimized 0 net or cell. Created 0 new cell, deleted 0 existing cell and moved 0 existing cell
Phase 2 DSP Register Optimization | Checksum: 1754af099

Time (s): cpu = 00:00:01 ; elapsed = 00:00:00.141 . Memory (MB): peak = 1494.480 ; gain = 0.000

Phase 3 Critical Path Optimization
INFO: [Physopt 32-619] Estimated Timing Summary | WNS=-21.886 | TNS=-7577.632 |
INFO: [Physopt 32-662] Processed net betaCPU/r/M_temp_coloured_letter_q_reg[6]_0[0].  Did not re-place instance betaCPU/r/M_temp_coloured_letter_q_reg[0]
INFO: [Physopt 32-702] Processed net betaCPU/r/M_temp_coloured_letter_q_reg[6]_0[0]. Optimizations did not improve timing on the net.
INFO: [Physopt 32-662] Processed net keyboard_controller/c_/button_cond/M_ctr_q_reg[19].  Did not re-place instance keyboard_controller/c_/button_cond/M_ctr_q_reg[19]
INFO: [Physopt 32-81] Processed net keyboard_controller/c_/button_cond/M_ctr_q_reg[19]. Replicated 1 times.
INFO: [Physopt 32-735] Processed net keyboard_controller/c_/button_cond/M_ctr_q_reg[19]. Optimization improves timing on the net.
INFO: [Physopt 32-619] Estimated Timing Summary | WNS=-21.875 | TNS=-7573.474 |
INFO: [Physopt 32-662] Processed net keyboard_controller/c_/button_cond/M_ctr_q_reg[19]_repN.  Did not re-place instance keyboard_controller/c_/button_cond/M_ctr_q_reg[19]_replica
INFO: [Physopt 32-702] Processed net keyboard_controller/c_/button_cond/M_ctr_q_reg[19]_repN. Optimizations did not improve timing on the net.
INFO: [Physopt 32-572] Net betaCPU/control_unit/M_stage_q_reg[3]_28 was not replicated.
Resolution: phys_opt_design can be forced to replicate a net driver using the option -force_replication_on_nets <list of net objects>.
INFO: [Physopt 32-662] Processed net betaCPU/control_unit/M_stage_q_reg[3]_28.  Did not re-place instance betaCPU/control_unit/M_guess_1_letter_1_q[6]_i_7
INFO: [Physopt 32-710] Processed net reset_cond/M_stage_q_reg[3]_15[0]. Critical path length was reduced through logic transformation on cell reset_cond/M_temp_coloured_letter_q[6]_i_1_comp.
INFO: [Physopt 32-735] Processed net betaCPU/control_unit/M_stage_q_reg[3]_28. Optimization improves timing on the net.
INFO: [Physopt 32-619] Estimated Timing Summary | WNS=-21.809 | TNS=-7571.842 |
INFO: [Physopt 32-702] Processed net betaCPU/r/M_input_ctr_q[1]. Optimizations did not improve timing on the net.
INFO: [Physopt 32-663] Processed net betaCPU/control_unit/M_stage_q_reg[3]_23.  Re-placed instance betaCPU/control_unit/M_input_ctr_q[1]_i_2
INFO: [Physopt 32-735] Processed net betaCPU/control_unit/M_stage_q_reg[3]_23. Optimization improves timing on the net.
INFO: [Physopt 32-619] Estimated Timing Summary | WNS=-21.807 | TNS=-7571.698 |
INFO: [Physopt 32-662] Processed net betaCPU/control_unit/M_stage_q_reg[3]_23.  Did not re-place instance betaCPU/control_unit/M_input_ctr_q[1]_i_2
INFO: [Physopt 32-710] Processed net betaCPU/r/M_input_ctr_q[1]_i_1_n_0. Critical path length was reduced through logic transformation on cell betaCPU/r/M_input_ctr_q[1]_i_1_comp.
INFO: [Physopt 32-735] Processed net betaCPU/control_unit/M_stage_q_reg[3]_23. Optimization improves timing on the net.
INFO: [Physopt 32-619] Estimated Timing Summary | WNS=-21.798 | TNS=-7571.218 |
INFO: [Physopt 32-663] Processed net betaCPU/r/M_guess_4_letter_3_q[2].  Re-placed instance betaCPU/r/M_guess_4_letter_3_q_reg[2]
INFO: [Physopt 32-735] Processed net betaCPU/r/M_guess_4_letter_3_q[2]. Optimization improves timing on the net.
INFO: [Physopt 32-619] Estimated Timing Summary | WNS=-21.798 | TNS=-7570.849 |
INFO: [Physopt 32-663] Processed net betaCPU/r/M_guess_4_letter_3_q[5].  Re-placed instance betaCPU/r/M_guess_4_letter_3_q_reg[5]
INFO: [Physopt 32-735] Processed net betaCPU/r/M_guess_4_letter_3_q[5]. Optimization improves timing on the net.
INFO: [Physopt 32-619] Estimated Timing Summary | WNS=-21.798 | TNS=-7570.603 |
INFO: [Physopt 32-663] Processed net betaCPU/r/M_guess_4_letter_3_q[6].  Re-placed instance betaCPU/r/M_guess_4_letter_3_q_reg[6]
INFO: [Physopt 32-735] Processed net betaCPU/r/M_guess_4_letter_3_q[6]. Optimization improves timing on the net.
INFO: [Physopt 32-619] Estimated Timing Summary | WNS=-21.795 | TNS=-7570.452 |
INFO: [Physopt 32-662] Processed net betaCPU/r/M_input_letter_1_q[0].  Did not re-place instance betaCPU/r/M_input_letter_1_q_reg[0]
INFO: [Physopt 32-702] Processed net betaCPU/r/M_input_letter_1_q[0]. Optimizations did not improve timing on the net.
INFO: [Physopt 32-663] Processed net betaCPU/control_unit/M_input_letter_1_q[4]_i_2_n_0.  Re-placed instance betaCPU/control_unit/M_input_letter_1_q[4]_i_2
INFO: [Physopt 32-735] Processed net betaCPU/control_unit/M_input_letter_1_q[4]_i_2_n_0. Optimization improves timing on the net.
INFO: [Physopt 32-619] Estimated Timing Summary | WNS=-21.794 | TNS=-7570.321 |
INFO: [Physopt 32-663] Processed net betaCPU/r/M_input_letter_4_q[0].  Re-placed instance betaCPU/r/M_input_letter_4_q_reg[0]
INFO: [Physopt 32-735] Processed net betaCPU/r/M_input_letter_4_q[0]. Optimization improves timing on the net.
INFO: [Physopt 32-619] Estimated Timing Summary | WNS=-21.794 | TNS=-7570.184 |
INFO: [Physopt 32-662] Processed net betaCPU/r/M_input_letter_4_q_reg[3]_0[1].  Did not re-place instance betaCPU/r/M_input_letter_4_q_reg[2]
INFO: [Physopt 32-702] Processed net betaCPU/r/M_input_letter_4_q_reg[3]_0[1]. Optimizations did not improve timing on the net.
INFO: [Physopt 32-662] Processed net reset_cond/M_stage_q_reg[3]_9.  Did not re-place instance reset_cond/M_input_letter_4_q[4]_i_3
INFO: [Physopt 32-710] Processed net reset_cond/FSM_onehot_M_game_fsm_q_reg[25]_0[0]. Critical path length was reduced through logic transformation on cell reset_cond/M_input_letter_4_q[4]_i_1_comp.
INFO: [Physopt 32-735] Processed net reset_cond/M_stage_q_reg[3]_9. Optimization improves timing on the net.
INFO: [Physopt 32-619] Estimated Timing Summary | WNS=-21.794 | TNS=-7568.759 |
INFO: [Physopt 32-663] Processed net betaCPU/r/M_guess_3_letter_3_q[2].  Re-placed instance betaCPU/r/M_guess_3_letter_3_q_reg[2]
INFO: [Physopt 32-735] Processed net betaCPU/r/M_guess_3_letter_3_q[2]. Optimization improves timing on the net.
INFO: [Physopt 32-619] Estimated Timing Summary | WNS=-21.789 | TNS=-7568.722 |
INFO: [Physopt 32-702] Processed net betaCPU/r/M_k_q_reg[2]_0[1]. Optimizations did not improve timing on the net.
INFO: [Physopt 32-662] Processed net betaCPU/control_unit/M_k_d.  Did not re-place instance betaCPU/control_unit/M_k_q[2]_i_2
INFO: [Physopt 32-572] Net betaCPU/control_unit/M_k_d was not replicated.
Resolution: phys_opt_design can be forced to replicate a net driver using the option -force_replication_on_nets <list of net objects>.
INFO: [Physopt 32-735] Processed net betaCPU/control_unit/M_k_d. Optimization improves timing on the net.
INFO: [Physopt 32-619] Estimated Timing Summary | WNS=-21.788 | TNS=-7568.698 |
INFO: [Physopt 32-663] Processed net betaCPU/r/M_correct_k_q[0].  Re-placed instance betaCPU/r/M_correct_k_q_reg[0]
INFO: [Physopt 32-735] Processed net betaCPU/r/M_correct_k_q[0]. Optimization improves timing on the net.
INFO: [Physopt 32-619] Estimated Timing Summary | WNS=-21.788 | TNS=-7568.293 |
INFO: [Physopt 32-663] Processed net betaCPU/r/M_correct_k_q_reg[4]_0[0].  Re-placed instance betaCPU/r/M_correct_k_q_reg[1]
INFO: [Physopt 32-735] Processed net betaCPU/r/M_correct_k_q_reg[4]_0[0]. Optimization improves timing on the net.
INFO: [Physopt 32-619] Estimated Timing Summary | WNS=-21.788 | TNS=-7568.102 |
INFO: [Physopt 32-663] Processed net betaCPU/r/M_correct_k_q[2].  Re-placed instance betaCPU/r/M_correct_k_q_reg[2]
INFO: [Physopt 32-735] Processed net betaCPU/r/M_correct_k_q[2]. Optimization improves timing on the net.
INFO: [Physopt 32-619] Estimated Timing Summary | WNS=-21.788 | TNS=-7568.086 |
INFO: [Physopt 32-663] Processed net betaCPU/r/M_correct_k_q_reg[4]_0[1].  Re-placed instance betaCPU/r/M_correct_k_q_reg[3]
INFO: [Physopt 32-735] Processed net betaCPU/r/M_correct_k_q_reg[4]_0[1]. Optimization improves timing on the net.
INFO: [Physopt 32-619] Estimated Timing Summary | WNS=-21.788 | TNS=-7568.151 |
INFO: [Physopt 32-663] Processed net betaCPU/r/M_correct_k_q_reg[4]_0[2].  Re-placed instance betaCPU/r/M_correct_k_q_reg[4]
INFO: [Physopt 32-735] Processed net betaCPU/r/M_correct_k_q_reg[4]_0[2]. Optimization improves timing on the net.
INFO: [Physopt 32-619] Estimated Timing Summary | WNS=-21.786 | TNS=-7568.261 |
INFO: [Physopt 32-662] Processed net betaCPU/r/M_input_letter_1_q[0].  Did not re-place instance betaCPU/r/M_input_letter_1_q_reg[0]
INFO: [Physopt 32-702] Processed net betaCPU/r/M_input_letter_1_q[0]. Optimizations did not improve timing on the net.
INFO: [Physopt 32-662] Processed net keyboard_controller/c_/button_cond/M_ctr_q_reg[19]_repN.  Did not re-place instance keyboard_controller/c_/button_cond/M_ctr_q_reg[19]_replica
INFO: [Physopt 32-702] Processed net keyboard_controller/c_/button_cond/M_ctr_q_reg[19]_repN. Optimizations did not improve timing on the net.
INFO: [Physopt 32-662] Processed net betaCPU/control_unit/M_input_letter_1_q[4]_i_2_n_0.  Did not re-place instance betaCPU/control_unit/M_input_letter_1_q[4]_i_2
INFO: [Physopt 32-735] Processed net betaCPU/control_unit/M_input_letter_1_q[4]_i_2_n_0. Optimization improves timing on the net.
INFO: [Physopt 32-619] Estimated Timing Summary | WNS=-21.781 | TNS=-7567.777 |
INFO: [Physopt 32-702] Processed net betaCPU/r/M_k_q_reg[2]_0[1]. Optimizations did not improve timing on the net.
INFO: [Physopt 32-662] Processed net betaCPU/control_unit/M_k_d.  Did not re-place instance betaCPU/control_unit/M_k_q[2]_i_2
INFO: [Physopt 32-702] Processed net betaCPU/control_unit/M_k_d. Optimizations did not improve timing on the net.
INFO: [Physopt 32-662] Processed net betaCPU/control_unit/FSM_onehot_M_game_fsm_q_reg[32]_2.  Did not re-place instance betaCPU/control_unit/M_guess_2_letter_3_q[6]_i_2
INFO: [Physopt 32-702] Processed net betaCPU/control_unit/FSM_onehot_M_game_fsm_q_reg[32]_2. Optimizations did not improve timing on the net.
INFO: [Physopt 32-662] Processed net betaCPU/control_unit/FSM_onehot_M_game_fsm_q_reg[1]_0.  Did not re-place instance betaCPU/control_unit/M_guess_3_letter_4_q[6]_i_2
INFO: [Physopt 32-702] Processed net betaCPU/control_unit/FSM_onehot_M_game_fsm_q_reg[1]_0. Optimizations did not improve timing on the net.
INFO: [Physopt 32-662] Processed net betaCPU/control_unit/M_guess_1_letter_2_q[6]_i_4_n_0.  Did not re-place instance betaCPU/control_unit/M_guess_1_letter_2_q[6]_i_4
INFO: [Physopt 32-702] Processed net betaCPU/control_unit/M_guess_1_letter_2_q[6]_i_4_n_0. Optimizations did not improve timing on the net.
INFO: [Physopt 32-662] Processed net betaCPU/game_alu/M_stage_q_reg[3]_3.  Did not re-place instance betaCPU/game_alu/FSM_onehot_M_game_fsm_q[27]_i_2
INFO: [Physopt 32-702] Processed net betaCPU/game_alu/M_stage_q_reg[3]_3. Optimizations did not improve timing on the net.
INFO: [Physopt 32-662] Processed net betaCPU/game_alu/FSM_onehot_M_game_fsm_q[27]_i_5_n_0.  Did not re-place instance betaCPU/game_alu/FSM_onehot_M_game_fsm_q[27]_i_5
INFO: [Physopt 32-702] Processed net betaCPU/game_alu/FSM_onehot_M_game_fsm_q[27]_i_5_n_0. Optimizations did not improve timing on the net.
INFO: [Physopt 32-662] Processed net betaCPU/game_alu/FSM_onehot_M_game_fsm_q[27]_i_6_n_0.  Did not re-place instance betaCPU/game_alu/FSM_onehot_M_game_fsm_q[27]_i_6
INFO: [Physopt 32-702] Processed net betaCPU/game_alu/FSM_onehot_M_game_fsm_q[27]_i_6_n_0. Optimizations did not improve timing on the net.
INFO: [Physopt 32-702] Processed net betaCPU/game_alu/out1_carry__1_n_7. Optimizations did not improve timing on the net.
INFO: [Physopt 32-702] Processed net betaCPU/control_unit/M_stage_q_reg[3]_21[1]. Optimizations did not improve timing on the net.
INFO: [Physopt 32-662] Processed net betaCPU/control_unit/M_control_unit_regfile_out_b[6].  Did not re-place instance betaCPU/control_unit/i__carry__0_i_22
INFO: [Physopt 32-735] Processed net betaCPU/control_unit/M_control_unit_regfile_out_b[6]. Optimization improves timing on the net.
INFO: [Physopt 32-619] Estimated Timing Summary | WNS=-21.691 | TNS=-7537.234 |
INFO: [Physopt 32-662] Processed net betaCPU/control_unit/M_control_unit_regfile_out_b[6].  Did not re-place instance betaCPU/control_unit/i__carry__0_i_22
INFO: [Physopt 32-702] Processed net betaCPU/control_unit/M_control_unit_regfile_out_b[6]. Optimizations did not improve timing on the net.
INFO: [Physopt 32-663] Processed net betaCPU/control_unit/i__carry__0_i_42_n_0.  Re-placed instance betaCPU/control_unit/i__carry__0_i_42
INFO: [Physopt 32-735] Processed net betaCPU/control_unit/i__carry__0_i_42_n_0. Optimization improves timing on the net.
INFO: [Physopt 32-619] Estimated Timing Summary | WNS=-21.659 | TNS=-7526.385 |
INFO: [Physopt 32-662] Processed net betaCPU/control_unit/i__carry__0_i_42_n_0.  Did not re-place instance betaCPU/control_unit/i__carry__0_i_42
INFO: [Physopt 32-702] Processed net betaCPU/control_unit/i__carry__0_i_42_n_0. Optimizations did not improve timing on the net.
INFO: [Physopt 32-663] Processed net betaCPU/control_unit/FSM_onehot_M_game_fsm_q_reg[23]_2.  Re-placed instance betaCPU/control_unit/i__carry_i_37
INFO: [Physopt 32-735] Processed net betaCPU/control_unit/FSM_onehot_M_game_fsm_q_reg[23]_2. Optimization improves timing on the net.
INFO: [Physopt 32-619] Estimated Timing Summary | WNS=-21.421 | TNS=-7448.160 |
INFO: [Physopt 32-662] Processed net betaCPU/control_unit/FSM_onehot_M_game_fsm_q_reg[23]_2.  Did not re-place instance betaCPU/control_unit/i__carry_i_37
INFO: [Physopt 32-702] Processed net betaCPU/control_unit/FSM_onehot_M_game_fsm_q_reg[23]_2. Optimizations did not improve timing on the net.
INFO: [Physopt 32-663] Processed net betaCPU/control_unit/i__carry_i_92_n_0.  Re-placed instance betaCPU/control_unit/i__carry_i_92
INFO: [Physopt 32-735] Processed net betaCPU/control_unit/i__carry_i_92_n_0. Optimization improves timing on the net.
INFO: [Physopt 32-619] Estimated Timing Summary | WNS=-21.135 | TNS=-7344.629 |
INFO: [Physopt 32-662] Processed net betaCPU/control_unit/i__carry_i_92_n_0.  Did not re-place instance betaCPU/control_unit/i__carry_i_92
INFO: [Physopt 32-735] Processed net betaCPU/control_unit/i__carry_i_92_n_0. Optimization improves timing on the net.
INFO: [Physopt 32-619] Estimated Timing Summary | WNS=-20.925 | TNS=-7268.609 |
INFO: [Physopt 32-662] Processed net betaCPU/control_unit/i__carry_i_92_n_0.  Did not re-place instance betaCPU/control_unit/i__carry_i_92
INFO: [Physopt 32-702] Processed net betaCPU/control_unit/i__carry_i_92_n_0. Optimizations did not improve timing on the net.
INFO: [Physopt 32-702] Processed net betaCPU/game_alu/M_stage_q_reg[3][0]. Optimizations did not improve timing on the net.
INFO: [Physopt 32-702] Processed net betaCPU/control_unit/M_stage_q_reg[3]_24[1]. Optimizations did not improve timing on the net.
INFO: [Physopt 32-662] Processed net betaCPU/r/M_temp_guess_g_letter_i_q_reg[5]_0[1].  Did not re-place instance betaCPU/r/i__carry_i_3
INFO: [Physopt 32-735] Processed net betaCPU/r/M_temp_guess_g_letter_i_q_reg[5]_0[1]. Optimization improves timing on the net.
INFO: [Physopt 32-619] Estimated Timing Summary | WNS=-20.913 | TNS=-7264.216 |
INFO: [Physopt 32-662] Processed net betaCPU/r/M_temp_guess_g_letter_i_q_reg[5]_0[1].  Did not re-place instance betaCPU/r/i__carry_i_3
INFO: [Physopt 32-735] Processed net betaCPU/r/M_temp_guess_g_letter_i_q_reg[5]_0[1]. Optimization improves timing on the net.
INFO: [Physopt 32-619] Estimated Timing Summary | WNS=-20.878 | TNS=-7251.406 |
INFO: [Physopt 32-662] Processed net betaCPU/r/M_temp_guess_g_letter_i_q_reg[5]_0[1].  Did not re-place instance betaCPU/r/i__carry_i_3
INFO: [Physopt 32-702] Processed net betaCPU/r/M_temp_guess_g_letter_i_q_reg[5]_0[1]. Optimizations did not improve timing on the net.
INFO: [Physopt 32-663] Processed net betaCPU/control_unit/i__carry_i_58_0.  Re-placed instance betaCPU/control_unit/i__carry_i_20
INFO: [Physopt 32-735] Processed net betaCPU/control_unit/i__carry_i_58_0. Optimization improves timing on the net.
INFO: [Physopt 32-619] Estimated Timing Summary | WNS=-20.779 | TNS=-7215.173 |
INFO: [Physopt 32-662] Processed net betaCPU/control_unit/i__carry_i_58_0.  Did not re-place instance betaCPU/control_unit/i__carry_i_20
INFO: [Physopt 32-702] Processed net betaCPU/control_unit/i__carry_i_58_0. Optimizations did not improve timing on the net.
INFO: [Physopt 32-662] Processed net betaCPU/control_unit/i__carry_i_58_n_0.  Did not re-place instance betaCPU/control_unit/i__carry_i_58
INFO: [Physopt 32-702] Processed net betaCPU/control_unit/i__carry_i_58_n_0. Optimizations did not improve timing on the net.
INFO: [Physopt 32-662] Processed net betaCPU/control_unit/M_stage_q_reg[3]_8.  Did not re-place instance betaCPU/control_unit/i__carry_i_42
INFO: [Physopt 32-702] Processed net betaCPU/control_unit/M_stage_q_reg[3]_8. Optimizations did not improve timing on the net.
INFO: [Physopt 32-662] Processed net betaCPU/control_unit/M_stage_q_reg[3]_5.  Did not re-place instance betaCPU/control_unit/i__carry_i_63
INFO: [Physopt 32-735] Processed net betaCPU/control_unit/M_stage_q_reg[3]_5. Optimization improves timing on the net.
INFO: [Physopt 32-619] Estimated Timing Summary | WNS=-20.587 | TNS=-7144.901 |
INFO: [Physopt 32-662] Processed net betaCPU/control_unit/M_stage_q_reg[3]_5.  Did not re-place instance betaCPU/control_unit/i__carry_i_63
INFO: [Physopt 32-702] Processed net betaCPU/control_unit/M_stage_q_reg[3]_5. Optimizations did not improve timing on the net.
INFO: [Physopt 32-663] Processed net betaCPU/control_unit/i__carry_i_96_n_0.  Re-placed instance betaCPU/control_unit/i__carry_i_96
INFO: [Physopt 32-735] Processed net betaCPU/control_unit/i__carry_i_96_n_0. Optimization improves timing on the net.
INFO: [Physopt 32-619] Estimated Timing Summary | WNS=-20.581 | TNS=-7142.705 |
INFO: [Physopt 32-662] Processed net betaCPU/control_unit/i__carry_i_96_n_0.  Did not re-place instance betaCPU/control_unit/i__carry_i_96
INFO: [Physopt 32-735] Processed net betaCPU/control_unit/i__carry_i_96_n_0. Optimization improves timing on the net.
INFO: [Physopt 32-619] Estimated Timing Summary | WNS=-20.214 | TNS=-7008.382 |
INFO: [Physopt 32-662] Processed net betaCPU/control_unit/i__carry_i_96_n_0.  Did not re-place instance betaCPU/control_unit/i__carry_i_96
INFO: [Physopt 32-702] Processed net betaCPU/control_unit/i__carry_i_96_n_0. Optimizations did not improve timing on the net.
INFO: [Physopt 32-702] Processed net betaCPU/game_alu/M_stage_q_reg[3][1]. Optimizations did not improve timing on the net.
INFO: [Physopt 32-702] Processed net betaCPU/control_unit/M_stage_q_reg[3]_24[2]. Optimizations did not improve timing on the net.
INFO: [Physopt 32-662] Processed net betaCPU/r/M_temp_guess_g_letter_i_q_reg[5]_0[2].  Did not re-place instance betaCPU/r/i__carry_i_2
INFO: [Physopt 32-702] Processed net betaCPU/r/M_temp_guess_g_letter_i_q_reg[5]_0[2]. Optimizations did not improve timing on the net.
INFO: [Physopt 32-662] Processed net betaCPU/control_unit/M_input_letter_4_q_reg[2].  Did not re-place instance betaCPU/control_unit/i__carry_i_17
INFO: [Physopt 32-702] Processed net betaCPU/control_unit/M_input_letter_4_q_reg[2]. Optimizations did not improve timing on the net.
INFO: [Physopt 32-662] Processed net betaCPU/control_unit/M_stage_q_reg[3]_3.  Did not re-place instance betaCPU/control_unit/i__carry_i_13
INFO: [Physopt 32-702] Processed net betaCPU/control_unit/M_stage_q_reg[3]_3. Optimizations did not improve timing on the net.
INFO: [Physopt 32-702] Processed net betaCPU/game_alu/out1_carry__0_i_6[0]. Optimizations did not improve timing on the net.
INFO: [Physopt 32-702] Processed net betaCPU/control_unit/M_stage_q_reg[3]_21[0]. Optimizations did not improve timing on the net.
INFO: [Physopt 32-662] Processed net betaCPU/control_unit/M_control_unit_regfile_out_b[4].  Did not re-place instance betaCPU/control_unit/M_matrix1_letter_address_dff_q[4]_i_8
INFO: [Physopt 32-702] Processed net betaCPU/control_unit/M_control_unit_regfile_out_b[4]. Optimizations did not improve timing on the net.
INFO: [Physopt 32-662] Processed net betaCPU/control_unit/FSM_onehot_M_game_fsm_q_reg[31]_2.  Did not re-place instance betaCPU/control_unit/i__carry__0_i_20
INFO: [Physopt 32-735] Processed net betaCPU/control_unit/FSM_onehot_M_game_fsm_q_reg[31]_2. Optimization improves timing on the net.
INFO: [Physopt 32-619] Estimated Timing Summary | WNS=-19.697 | TNS=-6815.024 |
INFO: [Physopt 32-662] Processed net betaCPU/control_unit/FSM_onehot_M_game_fsm_q_reg[31]_2.  Did not re-place instance betaCPU/control_unit/i__carry__0_i_20
INFO: [Physopt 32-702] Processed net betaCPU/control_unit/FSM_onehot_M_game_fsm_q_reg[31]_2. Optimizations did not improve timing on the net.
INFO: [Physopt 32-702] Processed net betaCPU/game_alu/out1_carry__0_i_6[1]. Optimizations did not improve timing on the net.
INFO: [Physopt 32-702] Processed net betaCPU/control_unit/M_stage_q_reg[3]_24[3]. Optimizations did not improve timing on the net.
INFO: [Physopt 32-662] Processed net betaCPU/control_unit/M_control_unit_regfile_out_b[3].  Did not re-place instance betaCPU/control_unit/i__carry_i_1
INFO: [Physopt 32-702] Processed net betaCPU/control_unit/M_control_unit_regfile_out_b[3]. Optimizations did not improve timing on the net.
INFO: [Physopt 32-662] Processed net betaCPU/control_unit/i__carry_i_14_n_0.  Did not re-place instance betaCPU/control_unit/i__carry_i_14
INFO: [Physopt 32-702] Processed net betaCPU/control_unit/i__carry_i_14_n_0. Optimizations did not improve timing on the net.
INFO: [Physopt 32-662] Processed net betaCPU/control_unit/i__carry_i_41_n_0.  Did not re-place instance betaCPU/control_unit/i__carry_i_41
INFO: [Physopt 32-702] Processed net betaCPU/control_unit/i__carry_i_41_n_0. Optimizations did not improve timing on the net.
INFO: [Physopt 32-662] Processed net betaCPU/control_unit/i__carry_i_94_n_0.  Did not re-place instance betaCPU/control_unit/i__carry_i_94
INFO: [Physopt 32-702] Processed net betaCPU/control_unit/i__carry_i_94_n_0. Optimizations did not improve timing on the net.
INFO: [Physopt 32-662] Processed net betaCPU/control_unit/i__carry__0_i_25_n_0.  Did not re-place instance betaCPU/control_unit/i__carry__0_i_25
INFO: [Physopt 32-702] Processed net betaCPU/control_unit/i__carry__0_i_25_n_0. Optimizations did not improve timing on the net.
INFO: [Physopt 32-662] Processed net betaCPU/control_unit/i__carry__1_i_7_n_0.  Did not re-place instance betaCPU/control_unit/i__carry__1_i_7
INFO: [Physopt 32-702] Processed net betaCPU/control_unit/i__carry__1_i_7_n_0. Optimizations did not improve timing on the net.
INFO: [Physopt 32-662] Processed net betaCPU/game_alu/M_stage_q_reg[3]_2.  Did not re-place instance betaCPU/game_alu/M_guess_1_letter_1_q[6]_i_18
INFO: [Physopt 32-702] Processed net betaCPU/game_alu/M_stage_q_reg[3]_2. Optimizations did not improve timing on the net.
INFO: [Physopt 32-662] Processed net betaCPU/game_alu/FSM_onehot_M_game_fsm_q[27]_i_4_n_0.  Did not re-place instance betaCPU/game_alu/FSM_onehot_M_game_fsm_q[27]_i_4
INFO: [Physopt 32-702] Processed net betaCPU/game_alu/FSM_onehot_M_game_fsm_q[27]_i_4_n_0. Optimizations did not improve timing on the net.
INFO: [Physopt 32-702] Processed net betaCPU/game_alu/M_stage_q_reg[3][2]. Optimizations did not improve timing on the net.
INFO: [Physopt 32-662] Processed net betaCPU/control_unit/M_guess_1_letter_1_q[4]_i_7_n_0.  Did not re-place instance betaCPU/control_unit/M_matrix1_letter_address_dff_q[4]_i_4
INFO: [Physopt 32-702] Processed net betaCPU/control_unit/M_guess_1_letter_1_q[4]_i_7_n_0. Optimizations did not improve timing on the net.
INFO: [Physopt 32-662] Processed net betaCPU/control_unit/M_matrix1_letter_address_dff_q[4]_i_12_n_0.  Did not re-place instance betaCPU/control_unit/M_matrix1_letter_address_dff_q[4]_i_12
INFO: [Physopt 32-702] Processed net betaCPU/control_unit/M_matrix1_letter_address_dff_q[4]_i_12_n_0. Optimizations did not improve timing on the net.
INFO: [Physopt 32-662] Processed net betaCPU/control_unit/M_matrix1_letter_address_dff_q[4]_i_17_n_0.  Did not re-place instance betaCPU/control_unit/M_matrix1_letter_address_dff_q[4]_i_17
INFO: [Physopt 32-702] Processed net betaCPU/control_unit/M_matrix1_letter_address_dff_q[4]_i_17_n_0. Optimizations did not improve timing on the net.
INFO: [Physopt 32-662] Processed net betaCPU/control_unit/M_stage_q_reg[3]_18.  Did not re-place instance betaCPU/control_unit/i__carry__0_i_14
INFO: [Physopt 32-702] Processed net betaCPU/control_unit/M_stage_q_reg[3]_18. Optimizations did not improve timing on the net.
INFO: [Physopt 32-662] Processed net keyboard_controller/a_/button_cond/FSM_onehot_M_game_fsm_q_reg[8].  Did not re-place instance keyboard_controller/a_/button_cond/FSM_onehot_M_game_fsm_q[31]_i_1
INFO: [Physopt 32-702] Processed net keyboard_controller/a_/button_cond/FSM_onehot_M_game_fsm_q_reg[8]. Optimizations did not improve timing on the net.
INFO: [Physopt 32-662] Processed net keyboard_controller/c_/button_cond/M_last_q_reg.  Did not re-place instance keyboard_controller/c_/button_cond/FSM_onehot_M_game_fsm_q[31]_i_3
INFO: [Physopt 32-735] Processed net keyboard_controller/c_/button_cond/M_last_q_reg. Optimization improves timing on the net.
INFO: [Physopt 32-619] Estimated Timing Summary | WNS=-19.610 | TNS=-6782.228 |
INFO: [Physopt 32-663] Processed net keyboard_controller/c_/button_cond/M_ctr_q_reg[5].  Re-placed instance keyboard_controller/c_/button_cond/M_ctr_q_reg[5]
INFO: [Physopt 32-735] Processed net keyboard_controller/c_/button_cond/M_ctr_q_reg[5]. Optimization improves timing on the net.
INFO: [Physopt 32-619] Estimated Timing Summary | WNS=-19.592 | TNS=-6778.050 |
INFO: [Physopt 32-663] Processed net button_panel_controller/clear_/button_cond/M_ctr_q_reg[19].  Re-placed instance button_panel_controller/clear_/button_cond/M_ctr_q_reg[19]
INFO: [Physopt 32-735] Processed net button_panel_controller/clear_/button_cond/M_ctr_q_reg[19]. Optimization improves timing on the net.
INFO: [Physopt 32-619] Estimated Timing Summary | WNS=-19.581 | TNS=-6773.892 |
INFO: [Physopt 32-663] Processed net button_panel_controller/clear_/button_cond/M_ctr_q_reg[16].  Re-placed instance button_panel_controller/clear_/button_cond/M_ctr_q_reg[16]
INFO: [Physopt 32-735] Processed net button_panel_controller/clear_/button_cond/M_ctr_q_reg[16]. Optimization improves timing on the net.
INFO: [Physopt 32-619] Estimated Timing Summary | WNS=-19.570 | TNS=-6766.676 |
INFO: [Physopt 32-663] Processed net keyboard_controller/a_/button_cond/M_ctr_q_reg[18].  Re-placed instance keyboard_controller/a_/button_cond/M_ctr_q_reg[18]
INFO: [Physopt 32-735] Processed net keyboard_controller/a_/button_cond/M_ctr_q_reg[18]. Optimization improves timing on the net.
INFO: [Physopt 32-619] Estimated Timing Summary | WNS=-19.557 | TNS=-6762.104 |
INFO: [Physopt 32-662] Processed net keyboard_controller/c_/button_cond/M_last_q_reg.  Did not re-place instance keyboard_controller/c_/button_cond/FSM_onehot_M_game_fsm_q[31]_i_3
INFO: [Physopt 32-702] Processed net keyboard_controller/c_/button_cond/M_last_q_reg. Optimizations did not improve timing on the net.
INFO: [Physopt 32-663] Processed net keyboard_controller/c_/button_cond/M_last_q_i_6_n_0.  Re-placed instance keyboard_controller/c_/button_cond/M_last_q_i_6
INFO: [Physopt 32-735] Processed net keyboard_controller/c_/button_cond/M_last_q_i_6_n_0. Optimization improves timing on the net.
INFO: [Physopt 32-619] Estimated Timing Summary | WNS=-19.551 | TNS=-6759.836 |
INFO: [Physopt 32-663] Processed net keyboard_controller/c_/button_cond/M_ctr_q_reg[2].  Re-placed instance keyboard_controller/c_/button_cond/M_ctr_q_reg[2]
INFO: [Physopt 32-735] Processed net keyboard_controller/c_/button_cond/M_ctr_q_reg[2]. Optimization improves timing on the net.
INFO: [Physopt 32-619] Estimated Timing Summary | WNS=-19.550 | TNS=-6759.458 |
INFO: [Physopt 32-662] Processed net keyboard_controller/c_/button_cond/M_ctr_q_reg[1].  Did not re-place instance keyboard_controller/c_/button_cond/M_ctr_q_reg[1]
INFO: [Physopt 32-702] Processed net keyboard_controller/c_/button_cond/M_ctr_q_reg[1]. Optimizations did not improve timing on the net.
INFO: [Physopt 32-662] Processed net keyboard_controller/c_/button_cond/M_last_q_i_5_n_0.  Did not re-place instance keyboard_controller/c_/button_cond/M_last_q_i_5
INFO: [Physopt 32-702] Processed net keyboard_controller/c_/button_cond/M_last_q_i_5_n_0. Optimizations did not improve timing on the net.
INFO: [Physopt 32-702] Processed net betaCPU/control_unit/M_k_q_reg[2]_0. Optimizations did not improve timing on the net.
INFO: [Physopt 32-702] Processed net clk_IBUF. Optimizations did not improve timing on the net.
INFO: [Physopt 32-702] Processed net clk. Optimizations did not improve timing on the net.
INFO: [Physopt 32-619] Estimated Timing Summary | WNS=-19.550 | TNS=-6759.458 |
Phase 3 Critical Path Optimization | Checksum: 1754af099

Time (s): cpu = 00:00:07 ; elapsed = 00:00:04 . Memory (MB): peak = 1494.480 ; gain = 0.000

Phase 4 Critical Path Optimization
INFO: [Physopt 32-619] Estimated Timing Summary | WNS=-19.550 | TNS=-6759.458 |
INFO: [Physopt 32-702] Processed net betaCPU/r/M_k_q_reg[2]_0[1]. Optimizations did not improve timing on the net.
INFO: [Physopt 32-662] Processed net keyboard_controller/c_/button_cond/M_ctr_q_reg[1].  Did not re-place instance keyboard_controller/c_/button_cond/M_ctr_q_reg[1]
INFO: [Physopt 32-81] Processed net keyboard_controller/c_/button_cond/M_ctr_q_reg[1]. Replicated 1 times.
INFO: [Physopt 32-735] Processed net keyboard_controller/c_/button_cond/M_ctr_q_reg[1]. Optimization improves timing on the net.
INFO: [Physopt 32-619] Estimated Timing Summary | WNS=-19.539 | TNS=-6755.300 |
INFO: [Physopt 32-662] Processed net keyboard_controller/c_/button_cond/M_ctr_q_reg[1]_repN.  Did not re-place instance keyboard_controller/c_/button_cond/M_ctr_q_reg[1]_replica
INFO: [Physopt 32-702] Processed net keyboard_controller/c_/button_cond/M_ctr_q_reg[1]_repN. Optimizations did not improve timing on the net.
INFO: [Physopt 32-662] Processed net betaCPU/control_unit/M_k_d.  Did not re-place instance betaCPU/control_unit/M_k_q[2]_i_2
INFO: [Physopt 32-572] Net betaCPU/control_unit/M_k_d was not replicated.
Resolution: phys_opt_design can be forced to replicate a net driver using the option -force_replication_on_nets <list of net objects>.
INFO: [Physopt 32-702] Processed net betaCPU/control_unit/M_k_d. Optimizations did not improve timing on the net.
INFO: [Physopt 32-662] Processed net betaCPU/control_unit/FSM_onehot_M_game_fsm_q_reg[32]_2.  Did not re-place instance betaCPU/control_unit/M_guess_2_letter_3_q[6]_i_2
INFO: [Physopt 32-710] Processed net betaCPU/control_unit/M_k_d. Critical path length was reduced through logic transformation on cell betaCPU/control_unit/M_k_q[2]_i_2_comp.
INFO: [Physopt 32-735] Processed net betaCPU/control_unit/FSM_onehot_M_game_fsm_q_reg[32]_2. Optimization improves timing on the net.
INFO: [Physopt 32-619] Estimated Timing Summary | WNS=-19.535 | TNS=-6755.275 |
INFO: [Physopt 32-663] Processed net betaCPU/r/M_guess_4_letter_4_q[2].  Re-placed instance betaCPU/r/M_guess_4_letter_4_q_reg[2]
INFO: [Physopt 32-735] Processed net betaCPU/r/M_guess_4_letter_4_q[2]. Optimization improves timing on the net.
INFO: [Physopt 32-619] Estimated Timing Summary | WNS=-19.535 | TNS=-6754.652 |
INFO: [Physopt 32-663] Processed net betaCPU/r/M_guess_4_letter_4_q[4].  Re-placed instance betaCPU/r/M_guess_4_letter_4_q_reg[4]
INFO: [Physopt 32-735] Processed net betaCPU/r/M_guess_4_letter_4_q[4]. Optimization improves timing on the net.
INFO: [Physopt 32-619] Estimated Timing Summary | WNS=-19.535 | TNS=-6754.176 |
INFO: [Physopt 32-663] Processed net betaCPU/r/M_guess_4_letter_4_q[5].  Re-placed instance betaCPU/r/M_guess_4_letter_4_q_reg[5]
INFO: [Physopt 32-735] Processed net betaCPU/r/M_guess_4_letter_4_q[5]. Optimization improves timing on the net.
INFO: [Physopt 32-619] Estimated Timing Summary | WNS=-19.535 | TNS=-6753.397 |
INFO: [Physopt 32-663] Processed net betaCPU/r/M_guess_4_letter_4_q[6].  Re-placed instance betaCPU/r/M_guess_4_letter_4_q_reg[6]
INFO: [Physopt 32-735] Processed net betaCPU/r/M_guess_4_letter_4_q[6]. Optimization improves timing on the net.
INFO: [Physopt 32-619] Estimated Timing Summary | WNS=-19.523 | TNS=-6752.745 |
INFO: [Physopt 32-702] Processed net betaCPU/r/M_j_q_reg[2]_0[0]. Optimizations did not improve timing on the net.
INFO: [Physopt 32-663] Processed net betaCPU/control_unit/M_j_d.  Re-placed instance betaCPU/control_unit/M_j_q[2]_i_2
INFO: [Physopt 32-735] Processed net betaCPU/control_unit/M_j_d. Optimization improves timing on the net.
INFO: [Physopt 32-619] Estimated Timing Summary | WNS=-19.511 | TNS=-6752.142 |
INFO: [Physopt 32-663] Processed net betaCPU/r/M_input_letter_3_q_reg[3]_0[1].  Re-placed instance betaCPU/r/M_input_letter_3_q_reg[2]
INFO: [Physopt 32-735] Processed net betaCPU/r/M_input_letter_3_q_reg[3]_0[1]. Optimization improves timing on the net.
INFO: [Physopt 32-619] Estimated Timing Summary | WNS=-19.503 | TNS=-6751.760 |
INFO: [Physopt 32-663] Processed net betaCPU/r/M_guess_2_letter_4_q[1].  Re-placed instance betaCPU/r/M_guess_2_letter_4_q_reg[1]
INFO: [Physopt 32-735] Processed net betaCPU/r/M_guess_2_letter_4_q[1]. Optimization improves timing on the net.
INFO: [Physopt 32-619] Estimated Timing Summary | WNS=-19.503 | TNS=-6751.502 |
INFO: [Physopt 32-663] Processed net betaCPU/r/M_guess_2_letter_4_q[3].  Re-placed instance betaCPU/r/M_guess_2_letter_4_q_reg[3]
INFO: [Physopt 32-735] Processed net betaCPU/r/M_guess_2_letter_4_q[3]. Optimization improves timing on the net.
INFO: [Physopt 32-619] Estimated Timing Summary | WNS=-19.497 | TNS=-6751.210 |
INFO: [Physopt 32-702] Processed net betaCPU/r/M_g_q. Optimizations did not improve timing on the net.
INFO: [Physopt 32-663] Processed net reset_cond/M_g_d0_out.  Re-placed instance reset_cond/M_g_q[0]_i_2
INFO: [Physopt 32-735] Processed net reset_cond/M_g_d0_out. Optimization improves timing on the net.
INFO: [Physopt 32-619] Estimated Timing Summary | WNS=-19.494 | TNS=-6751.067 |
INFO: [Physopt 32-663] Processed net betaCPU/r/M_guess_1_letter_3_q[0].  Re-placed instance betaCPU/r/M_guess_1_letter_3_q_reg[0]
INFO: [Physopt 32-735] Processed net betaCPU/r/M_guess_1_letter_3_q[0]. Optimization improves timing on the net.
INFO: [Physopt 32-619] Estimated Timing Summary | WNS=-19.494 | TNS=-6751.055 |
INFO: [Physopt 32-663] Processed net betaCPU/r/M_guess_1_letter_3_q[1].  Re-placed instance betaCPU/r/M_guess_1_letter_3_q_reg[1]
INFO: [Physopt 32-735] Processed net betaCPU/r/M_guess_1_letter_3_q[1]. Optimization improves timing on the net.
INFO: [Physopt 32-619] Estimated Timing Summary | WNS=-19.494 | TNS=-6750.875 |
INFO: [Physopt 32-663] Processed net betaCPU/r/M_guess_1_letter_3_q[3].  Re-placed instance betaCPU/r/M_guess_1_letter_3_q_reg[3]
INFO: [Physopt 32-735] Processed net betaCPU/r/M_guess_1_letter_3_q[3]. Optimization improves timing on the net.
INFO: [Physopt 32-619] Estimated Timing Summary | WNS=-19.494 | TNS=-6750.855 |
INFO: [Physopt 32-663] Processed net betaCPU/r/M_guess_1_letter_3_q[4].  Re-placed instance betaCPU/r/M_guess_1_letter_3_q_reg[4]
INFO: [Physopt 32-735] Processed net betaCPU/r/M_guess_1_letter_3_q[4]. Optimization improves timing on the net.
INFO: [Physopt 32-619] Estimated Timing Summary | WNS=-19.494 | TNS=-6750.724 |
INFO: [Physopt 32-663] Processed net betaCPU/r/M_guess_1_letter_3_q[5].  Re-placed instance betaCPU/r/M_guess_1_letter_3_q_reg[5]
INFO: [Physopt 32-735] Processed net betaCPU/r/M_guess_1_letter_3_q[5]. Optimization improves timing on the net.
INFO: [Physopt 32-619] Estimated Timing Summary | WNS=-19.494 | TNS=-6750.694 |
INFO: [Physopt 32-663] Processed net betaCPU/r/M_guess_1_letter_3_q[6].  Re-placed instance betaCPU/r/M_guess_1_letter_3_q_reg[6]
INFO: [Physopt 32-735] Processed net betaCPU/r/M_guess_1_letter_3_q[6]. Optimization improves timing on the net.
INFO: [Physopt 32-619] Estimated Timing Summary | WNS=-19.492 | TNS=-6750.684 |
INFO: [Physopt 32-702] Processed net betaCPU/r/M_num_correct_q_reg[2]_0[1]. Optimizations did not improve timing on the net.
INFO: [Physopt 32-662] Processed net keyboard_controller/c_/button_cond/M_ctr_q_reg[1]_repN.  Did not re-place instance keyboard_controller/c_/button_cond/M_ctr_q_reg[1]_replica
INFO: [Physopt 32-702] Processed net keyboard_controller/c_/button_cond/M_ctr_q_reg[1]_repN. Optimizations did not improve timing on the net.
INFO: [Physopt 32-662] Processed net reset_cond/M_num_correct_d.  Did not re-place instance reset_cond/M_num_correct_q[2]_i_2
INFO: [Physopt 32-702] Processed net reset_cond/M_num_correct_d. Optimizations did not improve timing on the net.
INFO: [Physopt 32-662] Processed net reset_cond/M_stage_q_reg[3]_9.  Did not re-place instance reset_cond/M_input_letter_4_q[4]_i_3
INFO: [Physopt 32-702] Processed net reset_cond/M_stage_q_reg[3]_9. Optimizations did not improve timing on the net.
INFO: [Physopt 32-662] Processed net reset_cond/M_stage_q_reg[3]_4.  Did not re-place instance reset_cond/M_guess_1_letter_3_q[6]_i_2
INFO: [Physopt 32-702] Processed net reset_cond/M_stage_q_reg[3]_4. Optimizations did not improve timing on the net.
INFO: [Physopt 32-662] Processed net betaCPU/control_unit/FSM_onehot_M_game_fsm_q_reg[24]_0.  Did not re-place instance betaCPU/control_unit/M_guess_1_letter_1_q[6]_i_5
INFO: [Physopt 32-702] Processed net betaCPU/control_unit/FSM_onehot_M_game_fsm_q_reg[24]_0. Optimizations did not improve timing on the net.
INFO: [Physopt 32-662] Processed net betaCPU/control_unit/M_guess_1_letter_1_q[6]_i_15_n_0.  Did not re-place instance betaCPU/control_unit/M_guess_1_letter_1_q[6]_i_15
INFO: [Physopt 32-702] Processed net betaCPU/control_unit/M_guess_1_letter_1_q[6]_i_15_n_0. Optimizations did not improve timing on the net.
INFO: [Physopt 32-662] Processed net betaCPU/game_alu/M_stage_q_reg[3]_3.  Did not re-place instance betaCPU/game_alu/FSM_onehot_M_game_fsm_q[27]_i_2
INFO: [Physopt 32-702] Processed net betaCPU/game_alu/M_stage_q_reg[3]_3. Optimizations did not improve timing on the net.
INFO: [Physopt 32-662] Processed net betaCPU/game_alu/FSM_onehot_M_game_fsm_q[27]_i_5_n_0.  Did not re-place instance betaCPU/game_alu/FSM_onehot_M_game_fsm_q[27]_i_5
INFO: [Physopt 32-702] Processed net betaCPU/game_alu/FSM_onehot_M_game_fsm_q[27]_i_5_n_0. Optimizations did not improve timing on the net.
INFO: [Physopt 32-663] Processed net betaCPU/game_alu/FSM_onehot_M_game_fsm_q[27]_i_6_n_0.  Re-placed instance betaCPU/game_alu/FSM_onehot_M_game_fsm_q[27]_i_6
INFO: [Physopt 32-735] Processed net betaCPU/game_alu/FSM_onehot_M_game_fsm_q[27]_i_6_n_0. Optimization improves timing on the net.
INFO: [Physopt 32-619] Estimated Timing Summary | WNS=-19.409 | TNS=-6734.480 |
INFO: [Physopt 32-662] Processed net betaCPU/game_alu/FSM_onehot_M_game_fsm_q[27]_i_6_n_0.  Did not re-place instance betaCPU/game_alu/FSM_onehot_M_game_fsm_q[27]_i_6
INFO: [Physopt 32-735] Processed net betaCPU/game_alu/FSM_onehot_M_game_fsm_q[27]_i_6_n_0. Optimization improves timing on the net.
INFO: [Physopt 32-619] Estimated Timing Summary | WNS=-19.379 | TNS=-6724.930 |
INFO: [Physopt 32-663] Processed net betaCPU/r/M_input_letter_1_q[0].  Re-placed instance betaCPU/r/M_input_letter_1_q_reg[0]
INFO: [Physopt 32-735] Processed net betaCPU/r/M_input_letter_1_q[0]. Optimization improves timing on the net.
INFO: [Physopt 32-619] Estimated Timing Summary | WNS=-19.378 | TNS=-6724.807 |
INFO: [Physopt 32-662] Processed net betaCPU/r/M_input_letter_1_q[1].  Did not re-place instance betaCPU/r/M_input_letter_1_q_reg[1]
INFO: [Physopt 32-702] Processed net betaCPU/r/M_input_letter_1_q[1]. Optimizations did not improve timing on the net.
INFO: [Physopt 32-663] Processed net betaCPU/control_unit/M_input_letter_1_q[4]_i_2_n_0.  Re-placed instance betaCPU/control_unit/M_input_letter_1_q[4]_i_2
INFO: [Physopt 32-735] Processed net betaCPU/control_unit/M_input_letter_1_q[4]_i_2_n_0. Optimization improves timing on the net.
INFO: [Physopt 32-619] Estimated Timing Summary | WNS=-19.359 | TNS=-6724.142 |
INFO: [Physopt 32-662] Processed net betaCPU/game_alu/FSM_onehot_M_game_fsm_q[27]_i_6_n_0.  Did not re-place instance betaCPU/game_alu/FSM_onehot_M_game_fsm_q[27]_i_6
INFO: [Physopt 32-702] Processed net betaCPU/game_alu/FSM_onehot_M_game_fsm_q[27]_i_6_n_0. Optimizations did not improve timing on the net.
INFO: [Physopt 32-702] Processed net betaCPU/game_alu/out1_carry__1_n_7. Optimizations did not improve timing on the net.
INFO: [Physopt 32-702] Processed net betaCPU/control_unit/M_stage_q_reg[3]_21[1]. Optimizations did not improve timing on the net.
INFO: [Physopt 32-662] Processed net betaCPU/control_unit/M_control_unit_regfile_out_b[6].  Did not re-place instance betaCPU/control_unit/i__carry__0_i_22
INFO: [Physopt 32-702] Processed net betaCPU/control_unit/M_control_unit_regfile_out_b[6]. Optimizations did not improve timing on the net.
INFO: [Physopt 32-662] Processed net betaCPU/control_unit/i__carry__0_i_42_n_0.  Did not re-place instance betaCPU/control_unit/i__carry__0_i_42
INFO: [Physopt 32-702] Processed net betaCPU/control_unit/i__carry__0_i_42_n_0. Optimizations did not improve timing on the net.
INFO: [Physopt 32-662] Processed net betaCPU/control_unit/FSM_onehot_M_game_fsm_q_reg[23]_2.  Did not re-place instance betaCPU/control_unit/i__carry_i_37
INFO: [Physopt 32-702] Processed net betaCPU/control_unit/FSM_onehot_M_game_fsm_q_reg[23]_2. Optimizations did not improve timing on the net.
INFO: [Physopt 32-662] Processed net betaCPU/control_unit/i__carry_i_92_n_0.  Did not re-place instance betaCPU/control_unit/i__carry_i_92
INFO: [Physopt 32-702] Processed net betaCPU/control_unit/i__carry_i_92_n_0. Optimizations did not improve timing on the net.
INFO: [Physopt 32-702] Processed net betaCPU/game_alu/M_stage_q_reg[3][0]. Optimizations did not improve timing on the net.
INFO: [Physopt 32-702] Processed net betaCPU/control_unit/M_stage_q_reg[3]_24[1]. Optimizations did not improve timing on the net.
INFO: [Physopt 32-662] Processed net betaCPU/r/M_temp_guess_g_letter_i_q_reg[5]_0[1].  Did not re-place instance betaCPU/r/i__carry_i_3
INFO: [Physopt 32-702] Processed net betaCPU/r/M_temp_guess_g_letter_i_q_reg[5]_0[1]. Optimizations did not improve timing on the net.
INFO: [Physopt 32-662] Processed net betaCPU/control_unit/i__carry_i_58_0.  Did not re-place instance betaCPU/control_unit/i__carry_i_20
INFO: [Physopt 32-702] Processed net betaCPU/control_unit/i__carry_i_58_0. Optimizations did not improve timing on the net.
INFO: [Physopt 32-662] Processed net betaCPU/control_unit/i__carry_i_58_n_0.  Did not re-place instance betaCPU/control_unit/i__carry_i_58
INFO: [Physopt 32-702] Processed net betaCPU/control_unit/i__carry_i_58_n_0. Optimizations did not improve timing on the net.
INFO: [Physopt 32-662] Processed net betaCPU/control_unit/M_stage_q_reg[3]_8.  Did not re-place instance betaCPU/control_unit/i__carry_i_42
INFO: [Physopt 32-702] Processed net betaCPU/control_unit/M_stage_q_reg[3]_8. Optimizations did not improve timing on the net.
INFO: [Physopt 32-662] Processed net betaCPU/control_unit/M_stage_q_reg[3]_5.  Did not re-place instance betaCPU/control_unit/i__carry_i_63
INFO: [Physopt 32-702] Processed net betaCPU/control_unit/M_stage_q_reg[3]_5. Optimizations did not improve timing on the net.
INFO: [Physopt 32-662] Processed net betaCPU/control_unit/i__carry_i_96_n_0.  Did not re-place instance betaCPU/control_unit/i__carry_i_96
INFO: [Physopt 32-702] Processed net betaCPU/control_unit/i__carry_i_96_n_0. Optimizations did not improve timing on the net.
INFO: [Physopt 32-702] Processed net betaCPU/game_alu/M_stage_q_reg[3][1]. Optimizations did not improve timing on the net.
INFO: [Physopt 32-702] Processed net betaCPU/control_unit/M_stage_q_reg[3]_24[2]. Optimizations did not improve timing on the net.
INFO: [Physopt 32-662] Processed net betaCPU/r/M_temp_guess_g_letter_i_q_reg[5]_0[2].  Did not re-place instance betaCPU/r/i__carry_i_2
INFO: [Physopt 32-702] Processed net betaCPU/r/M_temp_guess_g_letter_i_q_reg[5]_0[2]. Optimizations did not improve timing on the net.
INFO: [Physopt 32-662] Processed net betaCPU/control_unit/M_input_letter_4_q_reg[2].  Did not re-place instance betaCPU/control_unit/i__carry_i_17
INFO: [Physopt 32-702] Processed net betaCPU/control_unit/M_input_letter_4_q_reg[2]. Optimizations did not improve timing on the net.
INFO: [Physopt 32-662] Processed net betaCPU/control_unit/M_stage_q_reg[3]_3.  Did not re-place instance betaCPU/control_unit/i__carry_i_13
INFO: [Physopt 32-702] Processed net betaCPU/control_unit/M_stage_q_reg[3]_3. Optimizations did not improve timing on the net.
INFO: [Physopt 32-702] Processed net betaCPU/game_alu/out1_carry__0_i_6[0]. Optimizations did not improve timing on the net.
INFO: [Physopt 32-702] Processed net betaCPU/control_unit/M_stage_q_reg[3]_21[0]. Optimizations did not improve timing on the net.
INFO: [Physopt 32-662] Processed net betaCPU/control_unit/M_control_unit_regfile_out_b[4].  Did not re-place instance betaCPU/control_unit/M_matrix1_letter_address_dff_q[4]_i_8
INFO: [Physopt 32-702] Processed net betaCPU/control_unit/M_control_unit_regfile_out_b[4]. Optimizations did not improve timing on the net.
INFO: [Physopt 32-662] Processed net betaCPU/control_unit/FSM_onehot_M_game_fsm_q_reg[31]_2.  Did not re-place instance betaCPU/control_unit/i__carry__0_i_20
INFO: [Physopt 32-702] Processed net betaCPU/control_unit/FSM_onehot_M_game_fsm_q_reg[31]_2. Optimizations did not improve timing on the net.
INFO: [Physopt 32-702] Processed net betaCPU/game_alu/out1_carry__0_i_6[1]. Optimizations did not improve timing on the net.
INFO: [Physopt 32-702] Processed net betaCPU/control_unit/M_stage_q_reg[3]_24[3]. Optimizations did not improve timing on the net.
INFO: [Physopt 32-662] Processed net betaCPU/control_unit/M_control_unit_regfile_out_b[3].  Did not re-place instance betaCPU/control_unit/i__carry_i_1
INFO: [Physopt 32-702] Processed net betaCPU/control_unit/M_control_unit_regfile_out_b[3]. Optimizations did not improve timing on the net.
INFO: [Physopt 32-662] Processed net betaCPU/control_unit/i__carry_i_14_n_0.  Did not re-place instance betaCPU/control_unit/i__carry_i_14
INFO: [Physopt 32-702] Processed net betaCPU/control_unit/i__carry_i_14_n_0. Optimizations did not improve timing on the net.
INFO: [Physopt 32-662] Processed net betaCPU/control_unit/i__carry_i_41_n_0.  Did not re-place instance betaCPU/control_unit/i__carry_i_41
INFO: [Physopt 32-702] Processed net betaCPU/control_unit/i__carry_i_41_n_0. Optimizations did not improve timing on the net.
INFO: [Physopt 32-662] Processed net betaCPU/control_unit/i__carry_i_94_n_0.  Did not re-place instance betaCPU/control_unit/i__carry_i_94
INFO: [Physopt 32-702] Processed net betaCPU/control_unit/i__carry_i_94_n_0. Optimizations did not improve timing on the net.
INFO: [Physopt 32-662] Processed net betaCPU/control_unit/i__carry__0_i_25_n_0.  Did not re-place instance betaCPU/control_unit/i__carry__0_i_25
INFO: [Physopt 32-702] Processed net betaCPU/control_unit/i__carry__0_i_25_n_0. Optimizations did not improve timing on the net.
INFO: [Physopt 32-662] Processed net betaCPU/control_unit/i__carry__1_i_7_n_0.  Did not re-place instance betaCPU/control_unit/i__carry__1_i_7
INFO: [Physopt 32-702] Processed net betaCPU/control_unit/i__carry__1_i_7_n_0. Optimizations did not improve timing on the net.
INFO: [Physopt 32-662] Processed net betaCPU/game_alu/M_stage_q_reg[3]_2.  Did not re-place instance betaCPU/game_alu/M_guess_1_letter_1_q[6]_i_18
INFO: [Physopt 32-702] Processed net betaCPU/game_alu/M_stage_q_reg[3]_2. Optimizations did not improve timing on the net.
INFO: [Physopt 32-662] Processed net betaCPU/game_alu/FSM_onehot_M_game_fsm_q[27]_i_4_n_0.  Did not re-place instance betaCPU/game_alu/FSM_onehot_M_game_fsm_q[27]_i_4
INFO: [Physopt 32-702] Processed net betaCPU/game_alu/FSM_onehot_M_game_fsm_q[27]_i_4_n_0. Optimizations did not improve timing on the net.
INFO: [Physopt 32-702] Processed net betaCPU/game_alu/M_stage_q_reg[3][2]. Optimizations did not improve timing on the net.
INFO: [Physopt 32-662] Processed net betaCPU/control_unit/M_guess_1_letter_1_q[4]_i_7_n_0.  Did not re-place instance betaCPU/control_unit/M_matrix1_letter_address_dff_q[4]_i_4
INFO: [Physopt 32-702] Processed net betaCPU/control_unit/M_guess_1_letter_1_q[4]_i_7_n_0. Optimizations did not improve timing on the net.
INFO: [Physopt 32-662] Processed net betaCPU/control_unit/M_matrix1_letter_address_dff_q[4]_i_12_n_0.  Did not re-place instance betaCPU/control_unit/M_matrix1_letter_address_dff_q[4]_i_12
INFO: [Physopt 32-702] Processed net betaCPU/control_unit/M_matrix1_letter_address_dff_q[4]_i_12_n_0. Optimizations did not improve timing on the net.
INFO: [Physopt 32-662] Processed net betaCPU/control_unit/M_matrix1_letter_address_dff_q[4]_i_17_n_0.  Did not re-place instance betaCPU/control_unit/M_matrix1_letter_address_dff_q[4]_i_17
INFO: [Physopt 32-702] Processed net betaCPU/control_unit/M_matrix1_letter_address_dff_q[4]_i_17_n_0. Optimizations did not improve timing on the net.
INFO: [Physopt 32-662] Processed net betaCPU/control_unit/M_stage_q_reg[3]_18.  Did not re-place instance betaCPU/control_unit/i__carry__0_i_14
INFO: [Physopt 32-702] Processed net betaCPU/control_unit/M_stage_q_reg[3]_18. Optimizations did not improve timing on the net.
INFO: [Physopt 32-662] Processed net keyboard_controller/a_/button_cond/FSM_onehot_M_game_fsm_q_reg[8].  Did not re-place instance keyboard_controller/a_/button_cond/FSM_onehot_M_game_fsm_q[31]_i_1
INFO: [Physopt 32-702] Processed net keyboard_controller/a_/button_cond/FSM_onehot_M_game_fsm_q_reg[8]. Optimizations did not improve timing on the net.
INFO: [Physopt 32-662] Processed net keyboard_controller/c_/button_cond/M_last_q_reg.  Did not re-place instance keyboard_controller/c_/button_cond/FSM_onehot_M_game_fsm_q[31]_i_3
INFO: [Physopt 32-702] Processed net keyboard_controller/c_/button_cond/M_last_q_reg. Optimizations did not improve timing on the net.
INFO: [Physopt 32-662] Processed net keyboard_controller/c_/button_cond/M_last_q_i_5_n_0.  Did not re-place instance keyboard_controller/c_/button_cond/M_last_q_i_5
INFO: [Physopt 32-702] Processed net keyboard_controller/c_/button_cond/M_last_q_i_5_n_0. Optimizations did not improve timing on the net.
INFO: [Physopt 32-702] Processed net betaCPU/control_unit/M_num_correct_q_reg[2]. Optimizations did not improve timing on the net.
INFO: [Physopt 32-702] Processed net clk_IBUF. Optimizations did not improve timing on the net.
INFO: [Physopt 32-702] Processed net clk. Optimizations did not improve timing on the net.
INFO: [Physopt 32-619] Estimated Timing Summary | WNS=-19.359 | TNS=-6724.142 |
Phase 4 Critical Path Optimization | Checksum: 1754af099

Time (s): cpu = 00:00:11 ; elapsed = 00:00:07 . Memory (MB): peak = 1494.480 ; gain = 0.000
Netlist sorting complete. Time (s): cpu = 00:00:00 ; elapsed = 00:00:00.011 . Memory (MB): peak = 1494.480 ; gain = 0.000
INFO: [Physopt 32-603] Post Physical Optimization Timing Summary | WNS=-19.359 | TNS=-6724.142 |

Summary of Physical Synthesis Optimizations
============================================


-------------------------------------------------------------------------------------------------------------------------------------------------------------
|  Optimization   |  WNS Gain (ns)  |  TNS Gain (ns)  |  Added Cells  |  Removed Cells  |  Optimized Cells/Nets  |  Dont Touch  |  Iterations  |  Elapsed   |
-------------------------------------------------------------------------------------------------------------------------------------------------------------
|  DSP Register   |          0.000  |          0.000  |            0  |              0  |                     0  |           0  |           1  |  00:00:00  |
|  Critical Path  |          2.527  |        853.490  |            2  |              0  |                    58  |           0  |           2  |  00:00:07  |
|  Total          |          2.527  |        853.490  |            2  |              0  |                    58  |           0  |           3  |  00:00:07  |
-------------------------------------------------------------------------------------------------------------------------------------------------------------


Netlist sorting complete. Time (s): cpu = 00:00:00 ; elapsed = 00:00:00.001 . Memory (MB): peak = 1494.480 ; gain = 0.000
Ending Physical Synthesis Task | Checksum: 12dd217b5

Time (s): cpu = 00:00:11 ; elapsed = 00:00:07 . Memory (MB): peak = 1494.480 ; gain = 0.000
INFO: [Common 17-83] Releasing license: Implementation
473 Infos, 0 Warnings, 0 Critical Warnings and 0 Errors encountered.
phys_opt_design completed successfully
phys_opt_design: Time (s): cpu = 00:00:11 ; elapsed = 00:00:07 . Memory (MB): peak = 1494.480 ; gain = 0.000
INFO: [Timing 38-480] Writing timing data to binary archive.
Writing placer database...
Writing XDEF routing.
Writing XDEF routing logical nets.
Writing XDEF routing special nets.
Write XDEF Complete: Time (s): cpu = 00:00:01 ; elapsed = 00:00:00.188 . Memory (MB): peak = 1494.480 ; gain = 0.000
INFO: [Common 17-1381] The checkpoint 'C:/Users/Bryce/Desktop/wordle/wordle4/work/vivado/wordle4/wordle4.runs/impl_1/au_top_0_physopt.dcp' has been generated.
Command: route_design
Attempting to get a license for feature 'Implementation' and/or device 'xc7a35t'
INFO: [Common 17-349] Got license for feature 'Implementation' and/or device 'xc7a35t'
INFO: [DRC 23-27] Running DRC with 2 threads
INFO: [Vivado_Tcl 4-198] DRC finished with 0 Errors
INFO: [Vivado_Tcl 4-199] Please refer to the DRC report (report_drc) for more information.
Running DRC as a precondition to command route_design
INFO: [DRC 23-27] Running DRC with 2 threads
INFO: [Vivado_Tcl 4-198] DRC finished with 0 Errors
INFO: [Vivado_Tcl 4-199] Please refer to the DRC report (report_drc) for more information.


Starting Routing Task
INFO: [Route 35-254] Multithreading enabled for route_design using a maximum of 2 CPUs
Checksum: PlaceDB: 13bfe72e ConstDB: 0 ShapeSum: 4eb3d543 RouteDB: 0

Phase 1 Build RT Design
Phase 1 Build RT Design | Checksum: 15309decb

Time (s): cpu = 00:00:19 ; elapsed = 00:00:17 . Memory (MB): peak = 1602.629 ; gain = 95.496
Post Restoration Checksum: NetGraph: 9e907c5a NumContArr: b4796271 Constraints: 0 Timing: 0

Phase 2 Router Initialization

Phase 2.1 Create Timer
Phase 2.1 Create Timer | Checksum: 15309decb

Time (s): cpu = 00:00:19 ; elapsed = 00:00:17 . Memory (MB): peak = 1602.629 ; gain = 95.496

Phase 2.2 Fix Topology Constraints
Phase 2.2 Fix Topology Constraints | Checksum: 15309decb

Time (s): cpu = 00:00:19 ; elapsed = 00:00:17 . Memory (MB): peak = 1608.629 ; gain = 101.496

Phase 2.3 Pre Route Cleanup
Phase 2.3 Pre Route Cleanup | Checksum: 15309decb

Time (s): cpu = 00:00:19 ; elapsed = 00:00:17 . Memory (MB): peak = 1608.629 ; gain = 101.496
 Number of Nodes with overlaps = 0

Phase 2.4 Update Timing
Phase 2.4 Update Timing | Checksum: 2104c9a15

Time (s): cpu = 00:00:20 ; elapsed = 00:00:17 . Memory (MB): peak = 1614.426 ; gain = 107.293
INFO: [Route 35-416] Intermediate Timing Summary | WNS=-18.478| TNS=-6415.890| WHS=-0.109 | THS=-4.135 |

Phase 2 Router Initialization | Checksum: 1ff18cd52

Time (s): cpu = 00:00:20 ; elapsed = 00:00:17 . Memory (MB): peak = 1614.426 ; gain = 107.293

Router Utilization Summary
  Global Vertical Routing Utilization    = 0 %
  Global Horizontal Routing Utilization  = 0 %
  Routable Net Status*
  *Does not include unroutable nets such as driverless and loadless.
  Run report_route_status for detailed report.
  Number of Failed Nets               = 1059
    (Failed Nets is the sum of unrouted and partially routed nets)
  Number of Unrouted Nets             = 1059
  Number of Partially Routed Nets     = 0
  Number of Node Overlaps             = 0


Phase 3 Initial Routing

Phase 3.1 Global Routing
Phase 3.1 Global Routing | Checksum: 1ff18cd52

Time (s): cpu = 00:00:20 ; elapsed = 00:00:17 . Memory (MB): peak = 1616.828 ; gain = 109.695
Phase 3 Initial Routing | Checksum: 1b4e2143d

Time (s): cpu = 00:00:20 ; elapsed = 00:00:18 . Memory (MB): peak = 1616.828 ; gain = 109.695
INFO: [Route 35-580] Design has 14 pins with tight setup and hold constraints.

The top 5 pins with tight setup and hold constraints:

+--------------------------+--------------------------+----------------------------------------------------------------------------------------------------------+
|       Launch Clock       |      Capture Clock       |                                                 Pin                                                      |
+--------------------------+--------------------------+----------------------------------------------------------------------------------------------------------+
|                    clk_0 |                    clk_0 |                                                                                  betaCPU/r/M_j_q_reg[0]/D|
|                    clk_0 |                    clk_0 |                                                                                  betaCPU/r/M_g_q_reg[0]/D|
|                    clk_0 |                    clk_0 |                                                                                  betaCPU/r/M_j_q_reg[1]/D|
|                    clk_0 |                    clk_0 |                                                                          betaCPU/r/M_input_ctr_q_reg[0]/D|
|                    clk_0 |                    clk_0 |                                                                                  betaCPU/r/M_i_q_reg[2]/D|
+--------------------------+--------------------------+----------------------------------------------------------------------------------------------------------+

File with complete list of pins: tight_setup_hold_pins.txt


Phase 4 Rip-up And Reroute

Phase 4.1 Global Iteration 0
 Number of Nodes with overlaps = 410
 Number of Nodes with overlaps = 201
 Number of Nodes with overlaps = 134
 Number of Nodes with overlaps = 87
 Number of Nodes with overlaps = 43
 Number of Nodes with overlaps = 28
 Number of Nodes with overlaps = 15
 Number of Nodes with overlaps = 13
 Number of Nodes with overlaps = 7
 Number of Nodes with overlaps = 7
 Number of Nodes with overlaps = 4
 Number of Nodes with overlaps = 2
 Number of Nodes with overlaps = 0
INFO: [Route 35-416] Intermediate Timing Summary | WNS=-20.724| TNS=-7119.711| WHS=N/A    | THS=N/A    |

Phase 4.1 Global Iteration 0 | Checksum: b6a4218c

Time (s): cpu = 00:00:25 ; elapsed = 00:00:21 . Memory (MB): peak = 1616.828 ; gain = 109.695

Phase 4.2 Global Iteration 1
 Number of Nodes with overlaps = 19
 Number of Nodes with overlaps = 8
 Number of Nodes with overlaps = 7
 Number of Nodes with overlaps = 2
 Number of Nodes with overlaps = 4
 Number of Nodes with overlaps = 0
INFO: [Route 35-416] Intermediate Timing Summary | WNS=-20.471| TNS=-7107.841| WHS=N/A    | THS=N/A    |

Phase 4.2 Global Iteration 1 | Checksum: b8822702

Time (s): cpu = 00:00:26 ; elapsed = 00:00:21 . Memory (MB): peak = 1616.828 ; gain = 109.695

Phase 4.3 Global Iteration 2
 Number of Nodes with overlaps = 7
 Number of Nodes with overlaps = 3
 Number of Nodes with overlaps = 4
 Number of Nodes with overlaps = 6
 Number of Nodes with overlaps = 3
 Number of Nodes with overlaps = 1
 Number of Nodes with overlaps = 1
 Number of Nodes with overlaps = 0
INFO: [Route 35-416] Intermediate Timing Summary | WNS=-20.370| TNS=-7087.371| WHS=N/A    | THS=N/A    |

Phase 4.3 Global Iteration 2 | Checksum: f238eb96

Time (s): cpu = 00:00:26 ; elapsed = 00:00:22 . Memory (MB): peak = 1616.828 ; gain = 109.695
Phase 4 Rip-up And Reroute | Checksum: f238eb96

Time (s): cpu = 00:00:26 ; elapsed = 00:00:22 . Memory (MB): peak = 1616.828 ; gain = 109.695

Phase 5 Delay and Skew Optimization

Phase 5.1 Delay CleanUp

Phase 5.1.1 Update Timing
Phase 5.1.1 Update Timing | Checksum: 10d649df4

Time (s): cpu = 00:00:26 ; elapsed = 00:00:22 . Memory (MB): peak = 1616.828 ; gain = 109.695
INFO: [Route 35-416] Intermediate Timing Summary | WNS=-20.290| TNS=-7053.261| WHS=N/A    | THS=N/A    |

 Number of Nodes with overlaps = 0
Phase 5.1 Delay CleanUp | Checksum: 1b2f3a6a7

Time (s): cpu = 00:00:27 ; elapsed = 00:00:22 . Memory (MB): peak = 1621.496 ; gain = 114.363

Phase 5.2 Clock Skew Optimization
Phase 5.2 Clock Skew Optimization | Checksum: 1b2f3a6a7

Time (s): cpu = 00:00:27 ; elapsed = 00:00:22 . Memory (MB): peak = 1621.496 ; gain = 114.363
Phase 5 Delay and Skew Optimization | Checksum: 1b2f3a6a7

Time (s): cpu = 00:00:27 ; elapsed = 00:00:22 . Memory (MB): peak = 1621.496 ; gain = 114.363

Phase 6 Post Hold Fix

Phase 6.1 Hold Fix Iter

Phase 6.1.1 Update Timing
Phase 6.1.1 Update Timing | Checksum: 19d5c17d9

Time (s): cpu = 00:00:27 ; elapsed = 00:00:22 . Memory (MB): peak = 1621.496 ; gain = 114.363
INFO: [Route 35-416] Intermediate Timing Summary | WNS=-20.223| TNS=-7024.556| WHS=0.163  | THS=0.000  |

Phase 6.1 Hold Fix Iter | Checksum: 19d5c17d9

Time (s): cpu = 00:00:27 ; elapsed = 00:00:22 . Memory (MB): peak = 1621.496 ; gain = 114.363
Phase 6 Post Hold Fix | Checksum: 19d5c17d9

Time (s): cpu = 00:00:27 ; elapsed = 00:00:22 . Memory (MB): peak = 1621.496 ; gain = 114.363

Phase 7 Route finalize

Router Utilization Summary
  Global Vertical Routing Utilization    = 0.442478 %
  Global Horizontal Routing Utilization  = 0.516137 %
  Routable Net Status*
  *Does not include unroutable nets such as driverless and loadless.
  Run report_route_status for detailed report.
  Number of Failed Nets               = 0
    (Failed Nets is the sum of unrouted and partially routed nets)
  Number of Unrouted Nets             = 0
  Number of Partially Routed Nets     = 0
  Number of Node Overlaps             = 0

Congestion Report
North Dir 1x1 Area, Max Cong = 50.4505%, No Congested Regions.
South Dir 1x1 Area, Max Cong = 50.4505%, No Congested Regions.
East Dir 1x1 Area, Max Cong = 76.4706%, No Congested Regions.
West Dir 1x1 Area, Max Cong = 64.7059%, No Congested Regions.

------------------------------
Reporting congestion hotspots
------------------------------
Direction: North
----------------
Congested clusters found at Level 0
Effective congestion level: 0 Aspect Ratio: 1 Sparse Ratio: 0
Direction: South
----------------
Congested clusters found at Level 0
Effective congestion level: 0 Aspect Ratio: 1 Sparse Ratio: 0
Direction: East
----------------
Congested clusters found at Level 0
Effective congestion level: 0 Aspect Ratio: 1 Sparse Ratio: 0
Direction: West
----------------
Congested clusters found at Level 0
Effective congestion level: 0 Aspect Ratio: 1 Sparse Ratio: 0

Phase 7 Route finalize | Checksum: 2555c9777

Time (s): cpu = 00:00:27 ; elapsed = 00:00:22 . Memory (MB): peak = 1621.496 ; gain = 114.363

Phase 8 Verifying routed nets

 Verification completed successfully
Phase 8 Verifying routed nets | Checksum: 2555c9777

Time (s): cpu = 00:00:27 ; elapsed = 00:00:22 . Memory (MB): peak = 1621.496 ; gain = 114.363

Phase 9 Depositing Routes
Phase 9 Depositing Routes | Checksum: 26ec5f3fa

Time (s): cpu = 00:00:27 ; elapsed = 00:00:22 . Memory (MB): peak = 1621.496 ; gain = 114.363

Phase 10 Post Router Timing
INFO: [Route 35-57] Estimated Timing Summary | WNS=-20.223| TNS=-7024.556| WHS=0.163  | THS=0.000  |

WARNING: [Route 35-328] Router estimated timing not met.
Resolution: For a complete and accurate timing signoff, report_timing_summary must be run after route_design. Alternatively, route_design can be run with the -timing_summary option to enable a complete timing signoff at the end of route_design.
Phase 10 Post Router Timing | Checksum: 26ec5f3fa

Time (s): cpu = 00:00:27 ; elapsed = 00:00:22 . Memory (MB): peak = 1621.496 ; gain = 114.363
INFO: [Route 35-16] Router Completed Successfully

Time (s): cpu = 00:00:27 ; elapsed = 00:00:22 . Memory (MB): peak = 1621.496 ; gain = 114.363

Routing Is Done.
INFO: [Common 17-83] Releasing license: Implementation
493 Infos, 1 Warnings, 0 Critical Warnings and 0 Errors encountered.
route_design completed successfully
route_design: Time (s): cpu = 00:00:29 ; elapsed = 00:00:24 . Memory (MB): peak = 1621.496 ; gain = 127.016
INFO: [Timing 38-480] Writing timing data to binary archive.
Writing placer database...
Writing XDEF routing.
Writing XDEF routing logical nets.
Writing XDEF routing special nets.
Write XDEF Complete: Time (s): cpu = 00:00:01 ; elapsed = 00:00:00.160 . Memory (MB): peak = 1627.375 ; gain = 5.879
INFO: [Common 17-1381] The checkpoint 'C:/Users/Bryce/Desktop/wordle/wordle4/work/vivado/wordle4/wordle4.runs/impl_1/au_top_0_routed.dcp' has been generated.
INFO: [runtcl-4] Executing : report_drc -file au_top_0_drc_routed.rpt -pb au_top_0_drc_routed.pb -rpx au_top_0_drc_routed.rpx
Command: report_drc -file au_top_0_drc_routed.rpt -pb au_top_0_drc_routed.pb -rpx au_top_0_drc_routed.rpx
INFO: [IP_Flow 19-1839] IP Catalog is up to date.
INFO: [DRC 23-27] Running DRC with 2 threads
INFO: [Coretcl 2-168] The results of DRC are in file C:/Users/Bryce/Desktop/wordle/wordle4/work/vivado/wordle4/wordle4.runs/impl_1/au_top_0_drc_routed.rpt.
report_drc completed successfully
INFO: [runtcl-4] Executing : report_methodology -file au_top_0_methodology_drc_routed.rpt -pb au_top_0_methodology_drc_routed.pb -rpx au_top_0_methodology_drc_routed.rpx
Command: report_methodology -file au_top_0_methodology_drc_routed.rpt -pb au_top_0_methodology_drc_routed.pb -rpx au_top_0_methodology_drc_routed.rpx
INFO: [Timing 38-35] Done setting XDC timing constraints.
INFO: [DRC 23-133] Running Methodology with 2 threads
INFO: [Coretcl 2-1520] The results of Report Methodology are in file C:/Users/Bryce/Desktop/wordle/wordle4/work/vivado/wordle4/wordle4.runs/impl_1/au_top_0_methodology_drc_routed.rpt.
report_methodology completed successfully
INFO: [runtcl-4] Executing : report_power -file au_top_0_power_routed.rpt -pb au_top_0_power_summary_routed.pb -rpx au_top_0_power_routed.rpx
Command: report_power -file au_top_0_power_routed.rpt -pb au_top_0_power_summary_routed.pb -rpx au_top_0_power_routed.rpx
INFO: [Timing 38-35] Done setting XDC timing constraints.
Running Vector-less Activity Propagation...

Finished Running Vector-less Activity Propagation
505 Infos, 1 Warnings, 0 Critical Warnings and 0 Errors encountered.
report_power completed successfully
INFO: [runtcl-4] Executing : report_route_status -file au_top_0_route_status.rpt -pb au_top_0_route_status.pb
INFO: [runtcl-4] Executing : report_timing_summary -max_paths 10 -file au_top_0_timing_summary_routed.rpt -pb au_top_0_timing_summary_routed.pb -rpx au_top_0_timing_summary_routed.rpx -warn_on_violation 
INFO: [Timing 38-91] UpdateTimingParams: Speed grade: -1, Delay Type: min_max.
INFO: [Timing 38-191] Multithreading enabled for timing update using a maximum of 2 CPUs
CRITICAL WARNING: [Timing 38-282] The design failed to meet the timing requirements. Please see the timing summary report for details on the timing violations.
INFO: [runtcl-4] Executing : report_incremental_reuse -file au_top_0_incremental_reuse_routed.rpt
INFO: [Vivado_Tcl 4-1062] Incremental flow is disabled. No incremental reuse Info to report.
INFO: [runtcl-4] Executing : report_clock_utilization -file au_top_0_clock_utilization_routed.rpt
INFO: [runtcl-4] Executing : report_bus_skew -warn_on_violation -file au_top_0_bus_skew_routed.rpt -pb au_top_0_bus_skew_routed.pb -rpx au_top_0_bus_skew_routed.rpx
INFO: [Timing 38-91] UpdateTimingParams: Speed grade: -1, Delay Type: min_max.
INFO: [Timing 38-191] Multithreading enabled for timing update using a maximum of 2 CPUs
Command: write_bitstream -force au_top_0.bit -bin_file
Attempting to get a license for feature 'Implementation' and/or device 'xc7a35t'
INFO: [Common 17-349] Got license for feature 'Implementation' and/or device 'xc7a35t'
Running DRC as a precondition to command write_bitstream
INFO: [IP_Flow 19-1839] IP Catalog is up to date.
INFO: [DRC 23-27] Running DRC with 2 threads
INFO: [Vivado 12-3199] DRC finished with 0 Errors
INFO: [Vivado 12-3200] Please refer to the DRC report (report_drc) for more information.
INFO: [Designutils 20-2272] Running write_bitstream with 2 threads.
Loading data files...
Loading site data...
Loading route data...
Processing options...
Creating bitmap...
Creating bitstream...
Bitstream compression saved 14275904 bits.
Writing bitstream ./au_top_0.bit...
Writing bitstream ./au_top_0.bin...
INFO: [Vivado 12-1842] Bitgen Completed Successfully.
INFO: [Project 1-120] WebTalk data collection is mandatory when using a WebPACK part without a full Vivado license. To see the specific WebTalk data collected for your design, open the usage_statistics_webtalk.html or usage_statistics_webtalk.xml file in the implementation directory.
INFO: [Common 17-83] Releasing license: Implementation
12 Infos, 0 Warnings, 0 Critical Warnings and 0 Errors encountered.
write_bitstream completed successfully
write_bitstream: Time (s): cpu = 00:00:12 ; elapsed = 00:00:22 . Memory (MB): peak = 2094.328 ; gain = 430.848
INFO: [Common 17-206] Exiting Vivado at Wed Apr 13 22:43:15 2022...
