Warnings in file C:\Users\CompStruct\Desktop\wordle\wordle4\source\regfile.luc:
    Line 112, Column 31 : The signal "data" is wider than "input_ctr.d" and the most significant bits will be dropped
    Line 77, Column 38 : The signal "data" is wider than "guess_1_letter_1.d" and the most significant bits will be dropped
    Line 78, Column 38 : The signal "data" is wider than "guess_1_letter_2.d" and the most significant bits will be dropped
    Line 79, Column 38 : The signal "data" is wider than "guess_1_letter_3.d" and the most significant bits will be dropped
    Line 80, Column 38 : The signal "data" is wider than "guess_1_letter_4.d" and the most significant bits will be dropped
    Line 82, Column 38 : The signal "data" is wider than "guess_2_letter_1.d" and the most significant bits will be dropped
    Line 83, Column 38 : The signal "data" is wider than "guess_2_letter_2.d" and the most significant bits will be dropped
    Line 84, Column 38 : The signal "data" is wider than "guess_2_letter_3.d" and the most significant bits will be dropped
    Line 85, Column 38 : The signal "data" is wider than "guess_2_letter_4.d" and the most significant bits will be dropped
    Line 87, Column 38 : The signal "data" is wider than "guess_3_letter_1.d" and the most significant bits will be dropped
    Line 88, Column 38 : The signal "data" is wider than "guess_3_letter_2.d" and the most significant bits will be dropped
    Line 89, Column 38 : The signal "data" is wider than "guess_3_letter_3.d" and the most significant bits will be dropped
    Line 90, Column 38 : The signal "data" is wider than "guess_3_letter_4.d" and the most significant bits will be dropped
    Line 92, Column 38 : The signal "data" is wider than "guess_4_letter_1.d" and the most significant bits will be dropped
    Line 93, Column 38 : The signal "data" is wider than "guess_4_letter_2.d" and the most significant bits will be dropped
    Line 94, Column 38 : The signal "data" is wider than "guess_4_letter_3.d" and the most significant bits will be dropped
    Line 95, Column 38 : The signal "data" is wider than "guess_4_letter_4.d" and the most significant bits will be dropped
    Line 97, Column 36 : The signal "data" is wider than "input_letter_1.d" and the most significant bits will be dropped
    Line 98, Column 36 : The signal "data" is wider than "input_letter_2.d" and the most significant bits will be dropped
    Line 99, Column 36 : The signal "data" is wider than "input_letter_3.d" and the most significant bits will be dropped
    Line 100, Column 36 : The signal "data" is wider than "input_letter_4.d" and the most significant bits will be dropped
    Line 102, Column 23 : The signal "data" is wider than "i.d" and the most significant bits will be dropped
    Line 103, Column 23 : The signal "data" is wider than "j.d" and the most significant bits will be dropped
    Line 104, Column 23 : The signal "data" is wider than "k.d" and the most significant bits will be dropped
    Line 106, Column 38 : The signal "data" is wider than "correct_letter_1.d" and the most significant bits will be dropped
    Line 107, Column 38 : The signal "data" is wider than "correct_letter_2.d" and the most significant bits will be dropped
    Line 108, Column 38 : The signal "data" is wider than "correct_letter_3.d" and the most significant bits will be dropped
    Line 109, Column 38 : The signal "data" is wider than "correct_letter_4.d" and the most significant bits will be dropped
    Line 111, Column 33 : The signal "data" is wider than "num_correct.d" and the most significant bits will be dropped
Warnings in file C:\Users\CompStruct\Desktop\wordle\wordle4\source\beta.luc:
    Line 32, Column 33 : The signal "r.out_b" is wider than "control_unit.regfile_out_b" and the most significant bits will be dropped
    Line 31, Column 33 : The signal "r.out_a" is wider than "control_unit.regfile_out_a" and the most significant bits will be dropped
Warnings in file C:\Users\CompStruct\Desktop\wordle\wordle4\source\buttons_controller.luc:
    Line 3, Column 4 : "rst" was never used
Warnings in file C:\Users\CompStruct\Desktop\wordle\wordle4\source\game.luc:
    Line 77, Column 23 : The signal "INPUT_CTR" is wider than "regfile_rb" and the most significant bits will be dropped
    Line 60, Column 34 : The signal "INPUT_LETTER_1" is wider than "regfile_write_address" and the most significant bits will be dropped
    Line 68, Column 34 : The signal "INPUT_LETTER_1" is wider than "regfile_write_address" and the most significant bits will be dropped
    Line 76, Column 23 : The signal "INPUT_LETTER_1" is wider than "regfile_ra" and the most significant bits will be dropped
Warnings in file C:\Users\CompStruct\Desktop\wordle\wordle4\source\matrix_controller.luc:
    Line 34, Column 10 : The signal "rf.out_b" is wider than "out" and the most significant bits will be dropped
    Line 26, Column 29 : The signal "rf.out_b" is wider than "white_letters.selector" and the most significant bits will be dropped
Starting Vivado...

****** Vivado v2021.2 (64-bit)
  **** SW Build 3367213 on Tue Oct 19 02:48:09 MDT 2021
  **** IP Build 3369179 on Thu Oct 21 08:25:16 MDT 2021
    ** Copyright 1986-2021 Xilinx, Inc. All Rights Reserved.

source {C:\Users\CompStruct\Desktop\wordle\wordle4\work\project.tcl}
# set projDir "C:/Users/CompStruct/Desktop/wordle/wordle4/work/vivado"
# set projName "wordle4"
# set topName top
# set device xc7a35tftg256-1
# if {[file exists "$projDir/$projName"]} { file delete -force "$projDir/$projName" }
# create_project $projName "$projDir/$projName" -part $device
# set_property design_mode RTL [get_filesets sources_1]
# set verilogSources [list "C:/Users/CompStruct/Desktop/wordle/wordle4/work/verilog/au_top_0.v" "C:/Users/CompStruct/Desktop/wordle/wordle4/work/verilog/reset_conditioner_1.v" "C:/Users/CompStruct/Desktop/wordle/wordle4/work/verilog/beta_2.v" "C:/Users/CompStruct/Desktop/wordle/wordle4/work/verilog/button_3.v" "C:/Users/CompStruct/Desktop/wordle/wordle4/work/verilog/led_strip_writer_4.v" "C:/Users/CompStruct/Desktop/wordle/wordle4/work/verilog/white_alphabets_5.v" "C:/Users/CompStruct/Desktop/wordle/wordle4/work/verilog/game_6.v" "C:/Users/CompStruct/Desktop/wordle/wordle4/work/verilog/regfile_7.v" "C:/Users/CompStruct/Desktop/wordle/wordle4/work/verilog/button_conditioner_8.v" "C:/Users/CompStruct/Desktop/wordle/wordle4/work/verilog/edge_detector_9.v" "C:/Users/CompStruct/Desktop/wordle/wordle4/work/verilog/pipeline_10.v" ]
# import_files -fileset [get_filesets sources_1] -force -norecurse $verilogSources
# set xdcSources [list "C:/Users/CompStruct/Desktop/wordle/wordle4/work/constraint/alchitry.xdc" "C:/Program\ Files/Alchitry/Alchitry\ Labs/library/components/au.xdc" ]
# read_xdc $xdcSources
# set_property STEPS.WRITE_BITSTREAM.ARGS.BIN_FILE true [get_runs impl_1]
# update_compile_order -fileset sources_1
# launch_runs -runs synth_1 -jobs 8
WARNING: [Vivado 12-7122] Auto Incremental Compile:: No reference checkpoint was found in run synth_1. Auto-incremental flow will not be run, the standard flow will be run instead.
[Tue Apr 12 13:03:09 2022] Launched synth_1...
Run output will be captured here: C:/Users/CompStruct/Desktop/wordle/wordle4/work/vivado/wordle4/wordle4.runs/synth_1/runme.log
# wait_on_run synth_1
[Tue Apr 12 13:03:09 2022] Waiting for synth_1 to finish...


*** Running vivado
    with args -log au_top_0.vds -m64 -product Vivado -mode batch -messageDb vivado.pb -notrace -source au_top_0.tcl



****** Vivado v2021.2 (64-bit)
  **** SW Build 3367213 on Tue Oct 19 02:48:09 MDT 2021
  **** IP Build 3369179 on Thu Oct 21 08:25:16 MDT 2021
    ** Copyright 1986-2021 Xilinx, Inc. All Rights Reserved.

source au_top_0.tcl -notrace
Command: synth_design -top au_top_0 -part xc7a35tftg256-1
Starting synth_design
Attempting to get a license for feature 'Synthesis' and/or device 'xc7a35t'
INFO: [Common 17-349] Got license for feature 'Synthesis' and/or device 'xc7a35t'
INFO: [Device 21-403] Loading part xc7a35tftg256-1
INFO: [Synth 8-7079] Multithreading enabled for synth_design using a maximum of 2 processes.
INFO: [Synth 8-7078] Launching helper process for spawning children vivado processes
INFO: [Synth 8-7075] Helper process launched with PID 21812
---------------------------------------------------------------------------------
Starting RTL Elaboration : Time (s): cpu = 00:00:04 ; elapsed = 00:00:05 . Memory (MB): peak = 1246.777 ; gain = 0.000
---------------------------------------------------------------------------------
INFO: [Synth 8-6157] synthesizing module 'au_top_0' [C:/Users/CompStruct/Desktop/wordle/wordle4/work/vivado/wordle4/wordle4.srcs/sources_1/imports/verilog/au_top_0.v:7]
INFO: [Synth 8-6157] synthesizing module 'reset_conditioner_1' [C:/Users/CompStruct/Desktop/wordle/wordle4/work/vivado/wordle4/wordle4.srcs/sources_1/imports/verilog/reset_conditioner_1.v:11]
INFO: [Synth 8-6155] done synthesizing module 'reset_conditioner_1' (1#1) [C:/Users/CompStruct/Desktop/wordle/wordle4/work/vivado/wordle4/wordle4.srcs/sources_1/imports/verilog/reset_conditioner_1.v:11]
INFO: [Synth 8-6157] synthesizing module 'beta_2' [C:/Users/CompStruct/Desktop/wordle/wordle4/work/vivado/wordle4/wordle4.srcs/sources_1/imports/verilog/beta_2.v:7]
INFO: [Synth 8-6157] synthesizing module 'game_6' [C:/Users/CompStruct/Desktop/wordle/wordle4/work/vivado/wordle4/wordle4.srcs/sources_1/imports/verilog/game_6.v:7]
INFO: [Synth 8-6155] done synthesizing module 'game_6' (2#1) [C:/Users/CompStruct/Desktop/wordle/wordle4/work/vivado/wordle4/wordle4.srcs/sources_1/imports/verilog/game_6.v:7]
INFO: [Synth 8-6157] synthesizing module 'regfile_7' [C:/Users/CompStruct/Desktop/wordle/wordle4/work/vivado/wordle4/wordle4.srcs/sources_1/imports/verilog/regfile_7.v:7]
INFO: [Synth 8-155] case statement is not full and has no default [C:/Users/CompStruct/Desktop/wordle/wordle4/work/vivado/wordle4/wordle4.srcs/sources_1/imports/verilog/regfile_7.v:86]
INFO: [Synth 8-6155] done synthesizing module 'regfile_7' (3#1) [C:/Users/CompStruct/Desktop/wordle/wordle4/work/vivado/wordle4/wordle4.srcs/sources_1/imports/verilog/regfile_7.v:7]
INFO: [Synth 8-6155] done synthesizing module 'beta_2' (4#1) [C:/Users/CompStruct/Desktop/wordle/wordle4/work/vivado/wordle4/wordle4.srcs/sources_1/imports/verilog/beta_2.v:7]
INFO: [Synth 8-6157] synthesizing module 'button_3' [C:/Users/CompStruct/Desktop/wordle/wordle4/work/vivado/wordle4/wordle4.srcs/sources_1/imports/verilog/button_3.v:7]
INFO: [Synth 8-6157] synthesizing module 'button_conditioner_8' [C:/Users/CompStruct/Desktop/wordle/wordle4/work/vivado/wordle4/wordle4.srcs/sources_1/imports/verilog/button_conditioner_8.v:13]
INFO: [Synth 8-6157] synthesizing module 'pipeline_10' [C:/Users/CompStruct/Desktop/wordle/wordle4/work/vivado/wordle4/wordle4.srcs/sources_1/imports/verilog/pipeline_10.v:11]
INFO: [Synth 8-6155] done synthesizing module 'pipeline_10' (5#1) [C:/Users/CompStruct/Desktop/wordle/wordle4/work/vivado/wordle4/wordle4.srcs/sources_1/imports/verilog/pipeline_10.v:11]
INFO: [Synth 8-6155] done synthesizing module 'button_conditioner_8' (6#1) [C:/Users/CompStruct/Desktop/wordle/wordle4/work/vivado/wordle4/wordle4.srcs/sources_1/imports/verilog/button_conditioner_8.v:13]
INFO: [Synth 8-6157] synthesizing module 'edge_detector_9' [C:/Users/CompStruct/Desktop/wordle/wordle4/work/vivado/wordle4/wordle4.srcs/sources_1/imports/verilog/edge_detector_9.v:12]
INFO: [Synth 8-6155] done synthesizing module 'edge_detector_9' (7#1) [C:/Users/CompStruct/Desktop/wordle/wordle4/work/vivado/wordle4/wordle4.srcs/sources_1/imports/verilog/edge_detector_9.v:12]
INFO: [Synth 8-6155] done synthesizing module 'button_3' (8#1) [C:/Users/CompStruct/Desktop/wordle/wordle4/work/vivado/wordle4/wordle4.srcs/sources_1/imports/verilog/button_3.v:7]
INFO: [Synth 8-6157] synthesizing module 'led_strip_writer_4' [C:/Users/CompStruct/Desktop/wordle/wordle4/work/vivado/wordle4/wordle4.srcs/sources_1/imports/verilog/led_strip_writer_4.v:11]
INFO: [Synth 8-6155] done synthesizing module 'led_strip_writer_4' (9#1) [C:/Users/CompStruct/Desktop/wordle/wordle4/work/vivado/wordle4/wordle4.srcs/sources_1/imports/verilog/led_strip_writer_4.v:11]
INFO: [Synth 8-6157] synthesizing module 'white_alphabets_5' [C:/Users/CompStruct/Desktop/wordle/wordle4/work/vivado/wordle4/wordle4.srcs/sources_1/imports/verilog/white_alphabets_5.v:7]
INFO: [Synth 8-6155] done synthesizing module 'white_alphabets_5' (10#1) [C:/Users/CompStruct/Desktop/wordle/wordle4/work/vivado/wordle4/wordle4.srcs/sources_1/imports/verilog/white_alphabets_5.v:7]
INFO: [Synth 8-6155] done synthesizing module 'au_top_0' (11#1) [C:/Users/CompStruct/Desktop/wordle/wordle4/work/vivado/wordle4/wordle4.srcs/sources_1/imports/verilog/au_top_0.v:7]
WARNING: [Synth 8-7129] Port data[15] in module regfile_7 is either unconnected or has no load
WARNING: [Synth 8-7129] Port data[14] in module regfile_7 is either unconnected or has no load
WARNING: [Synth 8-7129] Port data[13] in module regfile_7 is either unconnected or has no load
WARNING: [Synth 8-7129] Port data[12] in module regfile_7 is either unconnected or has no load
WARNING: [Synth 8-7129] Port data[11] in module regfile_7 is either unconnected or has no load
WARNING: [Synth 8-7129] Port data[10] in module regfile_7 is either unconnected or has no load
WARNING: [Synth 8-7129] Port data[9] in module regfile_7 is either unconnected or has no load
WARNING: [Synth 8-7129] Port data[8] in module regfile_7 is either unconnected or has no load
WARNING: [Synth 8-7129] Port data[7] in module regfile_7 is either unconnected or has no load
---------------------------------------------------------------------------------
Finished RTL Elaboration : Time (s): cpu = 00:00:05 ; elapsed = 00:00:06 . Memory (MB): peak = 1246.777 ; gain = 0.000
---------------------------------------------------------------------------------
---------------------------------------------------------------------------------
Start Handling Custom Attributes
---------------------------------------------------------------------------------
---------------------------------------------------------------------------------
Finished Handling Custom Attributes : Time (s): cpu = 00:00:06 ; elapsed = 00:00:06 . Memory (MB): peak = 1246.777 ; gain = 0.000
---------------------------------------------------------------------------------
---------------------------------------------------------------------------------
Finished RTL Optimization Phase 1 : Time (s): cpu = 00:00:06 ; elapsed = 00:00:06 . Memory (MB): peak = 1246.777 ; gain = 0.000
---------------------------------------------------------------------------------
Netlist sorting complete. Time (s): cpu = 00:00:00 ; elapsed = 00:00:00.016 . Memory (MB): peak = 1246.777 ; gain = 0.000
INFO: [Project 1-570] Preparing netlist for logic optimization

Processing XDC Constraints
Initializing timing engine
Parsing XDC File [C:/Users/CompStruct/Desktop/wordle/wordle4/work/constraint/alchitry.xdc]
Finished Parsing XDC File [C:/Users/CompStruct/Desktop/wordle/wordle4/work/constraint/alchitry.xdc]
INFO: [Project 1-236] Implementation specific constraints were found while reading constraint file [C:/Users/CompStruct/Desktop/wordle/wordle4/work/constraint/alchitry.xdc]. These constraints will be ignored for synthesis but will be used in implementation. Impacted constraints are listed in the file [.Xil/au_top_0_propImpl.xdc].
Resolution: To avoid this warning, move constraints listed in [.Xil/au_top_0_propImpl.xdc] to another XDC file and exclude this new file from synthesis with the used_in_synthesis property (File Properties dialog in GUI) and re-run elaboration/synthesis.
Parsing XDC File [C:/Program Files/Alchitry/Alchitry Labs/library/components/au.xdc]
Finished Parsing XDC File [C:/Program Files/Alchitry/Alchitry Labs/library/components/au.xdc]
Completed Processing XDC Constraints

Netlist sorting complete. Time (s): cpu = 00:00:00 ; elapsed = 00:00:00 . Memory (MB): peak = 1246.777 ; gain = 0.000
INFO: [Project 1-111] Unisim Transformation Summary:
No Unisim elements were transformed.

Constraint Validation Runtime : Time (s): cpu = 00:00:00 ; elapsed = 00:00:00.003 . Memory (MB): peak = 1246.777 ; gain = 0.000
---------------------------------------------------------------------------------
Finished Constraint Validation : Time (s): cpu = 00:00:12 ; elapsed = 00:00:13 . Memory (MB): peak = 1246.777 ; gain = 0.000
---------------------------------------------------------------------------------
---------------------------------------------------------------------------------
Start Loading Part and Timing Information
---------------------------------------------------------------------------------
Loading part: xc7a35tftg256-1
---------------------------------------------------------------------------------
Finished Loading Part and Timing Information : Time (s): cpu = 00:00:12 ; elapsed = 00:00:13 . Memory (MB): peak = 1246.777 ; gain = 0.000
---------------------------------------------------------------------------------
---------------------------------------------------------------------------------
Start Applying 'set_property' XDC Constraints
---------------------------------------------------------------------------------
---------------------------------------------------------------------------------
Finished applying 'set_property' XDC Constraints : Time (s): cpu = 00:00:12 ; elapsed = 00:00:13 . Memory (MB): peak = 1246.777 ; gain = 0.000
---------------------------------------------------------------------------------
INFO: [Synth 8-802] inferred FSM for state register 'M_game_fsm_q_reg' in module 'game_6'
---------------------------------------------------------------------------------------------------
                   State |                     New Encoding |                Previous Encoding 
---------------------------------------------------------------------------------------------------
           IDLE_game_fsm |                               00 |                              000
  UPDATE_MATRIX_game_fsm |                               01 |                              010
      STORE_ONE_game_fsm |                               10 |                              011
     STORE_ZERO_game_fsm |                               11 |                              100
---------------------------------------------------------------------------------------------------
INFO: [Synth 8-3354] encoded FSM with state register 'M_game_fsm_q_reg' using encoding 'sequential' in module 'game_6'
---------------------------------------------------------------------------------
Finished RTL Optimization Phase 2 : Time (s): cpu = 00:00:14 ; elapsed = 00:00:15 . Memory (MB): peak = 1246.777 ; gain = 0.000
---------------------------------------------------------------------------------
---------------------------------------------------------------------------------
Start RTL Component Statistics 
---------------------------------------------------------------------------------
Detailed RTL Component Info : 
+---Adders : 
	   2 Input    7 Bit       Adders := 1     
	   2 Input    5 Bit       Adders := 2     
+---Registers : 
	                7 Bit    Registers := 17    
	                5 Bit    Registers := 10    
	                4 Bit    Registers := 1     
	                3 Bit    Registers := 4     
	                2 Bit    Registers := 4     
	                1 Bit    Registers := 8     
+---Muxes : 
	   2 Input   24 Bit        Muxes := 1     
	   2 Input    7 Bit        Muxes := 1     
	   2 Input    5 Bit        Muxes := 2     
	   4 Input    2 Bit        Muxes := 1     
	   2 Input    2 Bit        Muxes := 2     
	   2 Input    1 Bit        Muxes := 18    
	   4 Input    1 Bit        Muxes := 4     
	  31 Input    1 Bit        Muxes := 30    
---------------------------------------------------------------------------------
Finished RTL Component Statistics 
---------------------------------------------------------------------------------
---------------------------------------------------------------------------------
Start Part Resource Summary
---------------------------------------------------------------------------------
Part Resources:
DSPs: 90 (col length:60)
BRAMs: 100 (col length: RAMB18 60 RAMB36 30)
---------------------------------------------------------------------------------
Finished Part Resource Summary
---------------------------------------------------------------------------------
---------------------------------------------------------------------------------
Start Cross Boundary and Area Optimization
---------------------------------------------------------------------------------
WARNING: [Synth 8-7080] Parallel synthesis criteria is not met
---------------------------------------------------------------------------------
Finished Cross Boundary and Area Optimization : Time (s): cpu = 00:01:35 ; elapsed = 00:01:36 . Memory (MB): peak = 1246.777 ; gain = 0.000
---------------------------------------------------------------------------------
---------------------------------------------------------------------------------
Start Applying XDC Timing Constraints
---------------------------------------------------------------------------------
---------------------------------------------------------------------------------
Finished Applying XDC Timing Constraints : Time (s): cpu = 00:01:41 ; elapsed = 00:01:42 . Memory (MB): peak = 1246.777 ; gain = 0.000
---------------------------------------------------------------------------------
---------------------------------------------------------------------------------
Start Timing Optimization
---------------------------------------------------------------------------------
---------------------------------------------------------------------------------
Finished Timing Optimization : Time (s): cpu = 00:01:41 ; elapsed = 00:01:42 . Memory (MB): peak = 1246.777 ; gain = 0.000
---------------------------------------------------------------------------------
---------------------------------------------------------------------------------
Start Technology Mapping
---------------------------------------------------------------------------------
---------------------------------------------------------------------------------
Finished Technology Mapping : Time (s): cpu = 00:01:41 ; elapsed = 00:01:42 . Memory (MB): peak = 1246.777 ; gain = 0.000
---------------------------------------------------------------------------------
---------------------------------------------------------------------------------
Start IO Insertion
---------------------------------------------------------------------------------
---------------------------------------------------------------------------------
Start Flattening Before IO Insertion
---------------------------------------------------------------------------------
---------------------------------------------------------------------------------
Finished Flattening Before IO Insertion
---------------------------------------------------------------------------------
---------------------------------------------------------------------------------
Start Final Netlist Cleanup
---------------------------------------------------------------------------------
---------------------------------------------------------------------------------
Finished Final Netlist Cleanup
---------------------------------------------------------------------------------
---------------------------------------------------------------------------------
Finished IO Insertion : Time (s): cpu = 00:01:45 ; elapsed = 00:01:46 . Memory (MB): peak = 1246.777 ; gain = 0.000
---------------------------------------------------------------------------------
---------------------------------------------------------------------------------
Start Renaming Generated Instances
---------------------------------------------------------------------------------
---------------------------------------------------------------------------------
Finished Renaming Generated Instances : Time (s): cpu = 00:01:45 ; elapsed = 00:01:46 . Memory (MB): peak = 1246.777 ; gain = 0.000
---------------------------------------------------------------------------------
---------------------------------------------------------------------------------
Start Rebuilding User Hierarchy
---------------------------------------------------------------------------------
---------------------------------------------------------------------------------
Finished Rebuilding User Hierarchy : Time (s): cpu = 00:01:45 ; elapsed = 00:01:46 . Memory (MB): peak = 1246.777 ; gain = 0.000
---------------------------------------------------------------------------------
---------------------------------------------------------------------------------
Start Renaming Generated Ports
---------------------------------------------------------------------------------
---------------------------------------------------------------------------------
Finished Renaming Generated Ports : Time (s): cpu = 00:01:45 ; elapsed = 00:01:46 . Memory (MB): peak = 1246.777 ; gain = 0.000
---------------------------------------------------------------------------------
---------------------------------------------------------------------------------
Start Handling Custom Attributes
---------------------------------------------------------------------------------
---------------------------------------------------------------------------------
Finished Handling Custom Attributes : Time (s): cpu = 00:01:45 ; elapsed = 00:01:46 . Memory (MB): peak = 1246.777 ; gain = 0.000
---------------------------------------------------------------------------------
---------------------------------------------------------------------------------
Start Renaming Generated Nets
---------------------------------------------------------------------------------
---------------------------------------------------------------------------------
Finished Renaming Generated Nets : Time (s): cpu = 00:01:45 ; elapsed = 00:01:46 . Memory (MB): peak = 1246.777 ; gain = 0.000
---------------------------------------------------------------------------------
---------------------------------------------------------------------------------
Start Writing Synthesis Report
---------------------------------------------------------------------------------

Report BlackBoxes: 
+-+--------------+----------+
| |BlackBox name |Instances |
+-+--------------+----------+
+-+--------------+----------+

Report Cell Usage: 
+------+-------+------+
|      |Cell   |Count |
+------+-------+------+
|1     |BUFG   |     1|
|2     |CARRY4 |    19|
|3     |LUT1   |    11|
|4     |LUT2   |     6|
|5     |LUT3   |     8|
|6     |LUT4   |    22|
|7     |LUT5   |    17|
|8     |LUT6   |    14|
|9     |FDRE   |   106|
|10    |FDSE   |     4|
|11    |IBUF   |     6|
|12    |OBUF   |    26|
+------+-------+------+
---------------------------------------------------------------------------------
Finished Writing Synthesis Report : Time (s): cpu = 00:01:45 ; elapsed = 00:01:46 . Memory (MB): peak = 1246.777 ; gain = 0.000
---------------------------------------------------------------------------------
Synthesis finished with 0 errors, 0 critical warnings and 1 warnings.
Synthesis Optimization Runtime : Time (s): cpu = 00:01:37 ; elapsed = 00:01:44 . Memory (MB): peak = 1246.777 ; gain = 0.000
Synthesis Optimization Complete : Time (s): cpu = 00:01:45 ; elapsed = 00:01:46 . Memory (MB): peak = 1246.777 ; gain = 0.000
INFO: [Project 1-571] Translating synthesized netlist
Netlist sorting complete. Time (s): cpu = 00:00:00 ; elapsed = 00:00:00.002 . Memory (MB): peak = 1246.777 ; gain = 0.000
INFO: [Netlist 29-17] Analyzing 19 Unisim elements for replacement
INFO: [Netlist 29-28] Unisim Transformation completed in 0 CPU seconds
INFO: [Project 1-570] Preparing netlist for logic optimization
INFO: [Opt 31-138] Pushed 0 inverter(s) to 0 load pin(s).
Netlist sorting complete. Time (s): cpu = 00:00:00 ; elapsed = 00:00:00.001 . Memory (MB): peak = 1246.777 ; gain = 0.000
INFO: [Project 1-111] Unisim Transformation Summary:
No Unisim elements were transformed.

Synth Design complete, checksum: baaf8f0b
INFO: [Common 17-83] Releasing license: Synthesis
40 Infos, 10 Warnings, 0 Critical Warnings and 0 Errors encountered.
synth_design completed successfully
synth_design: Time (s): cpu = 00:01:49 ; elapsed = 00:01:50 . Memory (MB): peak = 1246.777 ; gain = 0.000
INFO: [Common 17-1381] The checkpoint 'C:/Users/CompStruct/Desktop/wordle/wordle4/work/vivado/wordle4/wordle4.runs/synth_1/au_top_0.dcp' has been generated.
INFO: [runtcl-4] Executing : report_utilization -file au_top_0_utilization_synth.rpt -pb au_top_0_utilization_synth.pb
INFO: [Common 17-206] Exiting Vivado at Tue Apr 12 13:05:10 2022...
[Tue Apr 12 13:05:15 2022] synth_1 finished
wait_on_runs: Time (s): cpu = 00:00:00 ; elapsed = 00:02:06 . Memory (MB): peak = 1247.828 ; gain = 0.000
# launch_runs impl_1 -to_step write_bitstream -jobs 8
[Tue Apr 12 13:05:15 2022] Launched impl_1...
Run output will be captured here: C:/Users/CompStruct/Desktop/wordle/wordle4/work/vivado/wordle4/wordle4.runs/impl_1/runme.log
# wait_on_run impl_1
[Tue Apr 12 13:05:15 2022] Waiting for impl_1 to finish...


*** Running vivado
    with args -log au_top_0.vdi -applog -m64 -product Vivado -messageDb vivado.pb -mode batch -source au_top_0.tcl -notrace



****** Vivado v2021.2 (64-bit)
  **** SW Build 3367213 on Tue Oct 19 02:48:09 MDT 2021
  **** IP Build 3369179 on Thu Oct 21 08:25:16 MDT 2021
    ** Copyright 1986-2021 Xilinx, Inc. All Rights Reserved.

source au_top_0.tcl -notrace
Command: link_design -top au_top_0 -part xc7a35tftg256-1
Design is defaulting to srcset: sources_1
Design is defaulting to constrset: constrs_1
INFO: [Device 21-403] Loading part xc7a35tftg256-1
Netlist sorting complete. Time (s): cpu = 00:00:00 ; elapsed = 00:00:00.003 . Memory (MB): peak = 1246.586 ; gain = 0.000
INFO: [Netlist 29-17] Analyzing 19 Unisim elements for replacement
INFO: [Netlist 29-28] Unisim Transformation completed in 0 CPU seconds
INFO: [Project 1-479] Netlist was created with Vivado 2021.2
INFO: [Project 1-570] Preparing netlist for logic optimization
Parsing XDC File [C:/Users/CompStruct/Desktop/wordle/wordle4/work/constraint/alchitry.xdc]
Finished Parsing XDC File [C:/Users/CompStruct/Desktop/wordle/wordle4/work/constraint/alchitry.xdc]
Parsing XDC File [C:/Program Files/Alchitry/Alchitry Labs/library/components/au.xdc]
Finished Parsing XDC File [C:/Program Files/Alchitry/Alchitry Labs/library/components/au.xdc]
INFO: [Opt 31-138] Pushed 0 inverter(s) to 0 load pin(s).
Netlist sorting complete. Time (s): cpu = 00:00:00 ; elapsed = 00:00:00 . Memory (MB): peak = 1246.586 ; gain = 0.000
INFO: [Project 1-111] Unisim Transformation Summary:
No Unisim elements were transformed.

7 Infos, 0 Warnings, 0 Critical Warnings and 0 Errors encountered.
link_design completed successfully
link_design: Time (s): cpu = 00:00:04 ; elapsed = 00:00:05 . Memory (MB): peak = 1246.586 ; gain = 0.000
Command: opt_design
Attempting to get a license for feature 'Implementation' and/or device 'xc7a35t'
INFO: [Common 17-349] Got license for feature 'Implementation' and/or device 'xc7a35t'
Running DRC as a precondition to command opt_design

Starting DRC Task
INFO: [DRC 23-27] Running DRC with 2 threads
INFO: [Project 1-461] DRC finished with 0 Errors
INFO: [Project 1-462] Please refer to the DRC report (report_drc) for more information.

Time (s): cpu = 00:00:01 ; elapsed = 00:00:00.874 . Memory (MB): peak = 1246.586 ; gain = 0.000

Starting Cache Timing Information Task
INFO: [Timing 38-35] Done setting XDC timing constraints.
Ending Cache Timing Information Task | Checksum: 224537646

Time (s): cpu = 00:00:07 ; elapsed = 00:00:07 . Memory (MB): peak = 1400.633 ; gain = 154.047

Starting Logic Optimization Task

Phase 1 Retarget
INFO: [Opt 31-138] Pushed 0 inverter(s) to 0 load pin(s).
INFO: [Opt 31-49] Retargeted 0 cell(s).
Phase 1 Retarget | Checksum: 224537646

Time (s): cpu = 00:00:00 ; elapsed = 00:00:00.016 . Memory (MB): peak = 1696.941 ; gain = 0.000
INFO: [Opt 31-389] Phase Retarget created 0 cells and removed 0 cells

Phase 2 Constant propagation
INFO: [Opt 31-138] Pushed 0 inverter(s) to 0 load pin(s).
Phase 2 Constant propagation | Checksum: 224537646

Time (s): cpu = 00:00:00 ; elapsed = 00:00:00.018 . Memory (MB): peak = 1696.941 ; gain = 0.000
INFO: [Opt 31-389] Phase Constant propagation created 0 cells and removed 0 cells

Phase 3 Sweep
Phase 3 Sweep | Checksum: 1ed67bf5a

Time (s): cpu = 00:00:00 ; elapsed = 00:00:00.024 . Memory (MB): peak = 1696.941 ; gain = 0.000
INFO: [Opt 31-389] Phase Sweep created 0 cells and removed 0 cells

Phase 4 BUFG optimization
Phase 4 BUFG optimization | Checksum: 1ed67bf5a

Time (s): cpu = 00:00:00 ; elapsed = 00:00:00.029 . Memory (MB): peak = 1696.941 ; gain = 0.000
INFO: [Opt 31-662] Phase BUFG optimization created 0 cells of which 0 are BUFGs and removed 0 cells.

Phase 5 Shift Register Optimization
INFO: [Opt 31-1064] SRL Remap converted 0 SRLs to 0 registers and converted 0 registers of register chains to 0 SRLs
Phase 5 Shift Register Optimization | Checksum: 1ed67bf5a

Time (s): cpu = 00:00:00 ; elapsed = 00:00:00.030 . Memory (MB): peak = 1696.941 ; gain = 0.000
INFO: [Opt 31-389] Phase Shift Register Optimization created 0 cells and removed 0 cells

Phase 6 Post Processing Netlist
Phase 6 Post Processing Netlist | Checksum: 1ed67bf5a

Time (s): cpu = 00:00:00 ; elapsed = 00:00:00.032 . Memory (MB): peak = 1696.941 ; gain = 0.000
INFO: [Opt 31-389] Phase Post Processing Netlist created 0 cells and removed 0 cells
Opt_design Change Summary
=========================


-------------------------------------------------------------------------------------------------------------------------
|  Phase                        |  #Cells created  |  #Cells Removed  |  #Constrained objects preventing optimizations  |
-------------------------------------------------------------------------------------------------------------------------
|  Retarget                     |               0  |               0  |                                              0  |
|  Constant propagation         |               0  |               0  |                                              0  |
|  Sweep                        |               0  |               0  |                                              0  |
|  BUFG optimization            |               0  |               0  |                                              0  |
|  Shift Register Optimization  |               0  |               0  |                                              0  |
|  Post Processing Netlist      |               0  |               0  |                                              0  |
-------------------------------------------------------------------------------------------------------------------------



Starting Connectivity Check Task

Time (s): cpu = 00:00:00 ; elapsed = 00:00:00.001 . Memory (MB): peak = 1696.941 ; gain = 0.000
Ending Logic Optimization Task | Checksum: 270a86966

Time (s): cpu = 00:00:00 ; elapsed = 00:00:00.044 . Memory (MB): peak = 1696.941 ; gain = 0.000

Starting Power Optimization Task
INFO: [Pwropt 34-132] Skipping clock gating for clocks with a period < 2.00 ns.
Ending Power Optimization Task | Checksum: 270a86966

Time (s): cpu = 00:00:00 ; elapsed = 00:00:00.007 . Memory (MB): peak = 1696.941 ; gain = 0.000

Starting Final Cleanup Task
Ending Final Cleanup Task | Checksum: 270a86966

Time (s): cpu = 00:00:00 ; elapsed = 00:00:00 . Memory (MB): peak = 1696.941 ; gain = 0.000

Starting Netlist Obfuscation Task
Netlist sorting complete. Time (s): cpu = 00:00:00 ; elapsed = 00:00:00 . Memory (MB): peak = 1696.941 ; gain = 0.000
Ending Netlist Obfuscation Task | Checksum: 270a86966

Time (s): cpu = 00:00:00 ; elapsed = 00:00:00 . Memory (MB): peak = 1696.941 ; gain = 0.000
INFO: [Common 17-83] Releasing license: Implementation
24 Infos, 0 Warnings, 0 Critical Warnings and 0 Errors encountered.
opt_design completed successfully
opt_design: Time (s): cpu = 00:00:11 ; elapsed = 00:00:11 . Memory (MB): peak = 1696.941 ; gain = 450.355
INFO: [Timing 38-480] Writing timing data to binary archive.
Writing placer database...
Writing XDEF routing.
Writing XDEF routing logical nets.
Writing XDEF routing special nets.
Write XDEF Complete: Time (s): cpu = 00:00:00 ; elapsed = 00:00:00.029 . Memory (MB): peak = 1696.941 ; gain = 0.000
INFO: [Common 17-1381] The checkpoint 'C:/Users/CompStruct/Desktop/wordle/wordle4/work/vivado/wordle4/wordle4.runs/impl_1/au_top_0_opt.dcp' has been generated.
INFO: [runtcl-4] Executing : report_drc -file au_top_0_drc_opted.rpt -pb au_top_0_drc_opted.pb -rpx au_top_0_drc_opted.rpx
Command: report_drc -file au_top_0_drc_opted.rpt -pb au_top_0_drc_opted.pb -rpx au_top_0_drc_opted.rpx
INFO: [IP_Flow 19-234] Refreshing IP repositories
INFO: [IP_Flow 19-1704] No user IP repositories specified
INFO: [IP_Flow 19-2313] Loaded Vivado IP repository 'C:/Xilinx/Vivado/2021.2/data/ip'.
INFO: [Timing 38-35] Done setting XDC timing constraints.
INFO: [DRC 23-27] Running DRC with 2 threads
INFO: [Vivado_Tcl 2-168] The results of DRC are in file C:/Users/CompStruct/Desktop/wordle/wordle4/work/vivado/wordle4/wordle4.runs/impl_1/au_top_0_drc_opted.rpt.
report_drc completed successfully
Command: place_design
Attempting to get a license for feature 'Implementation' and/or device 'xc7a35t'
INFO: [Common 17-349] Got license for feature 'Implementation' and/or device 'xc7a35t'
INFO: [DRC 23-27] Running DRC with 2 threads
INFO: [Vivado_Tcl 4-198] DRC finished with 0 Errors
INFO: [Vivado_Tcl 4-199] Please refer to the DRC report (report_drc) for more information.
Running DRC as a precondition to command place_design
INFO: [DRC 23-27] Running DRC with 2 threads
INFO: [Vivado_Tcl 4-198] DRC finished with 0 Errors
INFO: [Vivado_Tcl 4-199] Please refer to the DRC report (report_drc) for more information.

Starting Placer Task
INFO: [Place 30-611] Multithreading enabled for place_design using a maximum of 2 CPUs

Phase 1 Placer Initialization

Phase 1.1 Placer Initialization Netlist Sorting
Netlist sorting complete. Time (s): cpu = 00:00:00 ; elapsed = 00:00:00 . Memory (MB): peak = 1737.055 ; gain = 0.000
Phase 1.1 Placer Initialization Netlist Sorting | Checksum: 172d1edb3

Time (s): cpu = 00:00:00 ; elapsed = 00:00:00.005 . Memory (MB): peak = 1737.055 ; gain = 0.000
Netlist sorting complete. Time (s): cpu = 00:00:00 ; elapsed = 00:00:00 . Memory (MB): peak = 1737.055 ; gain = 0.000

Phase 1.2 IO Placement/ Clock Placement/ Build Placer Device
Phase 1.2 IO Placement/ Clock Placement/ Build Placer Device | Checksum: d53d64e3

Time (s): cpu = 00:00:00 ; elapsed = 00:00:00.299 . Memory (MB): peak = 1737.055 ; gain = 0.000

Phase 1.3 Build Placer Netlist Model
Phase 1.3 Build Placer Netlist Model | Checksum: 179db43dd

Time (s): cpu = 00:00:00 ; elapsed = 00:00:00.432 . Memory (MB): peak = 1737.055 ; gain = 0.000

Phase 1.4 Constrain Clocks/Macros
Phase 1.4 Constrain Clocks/Macros | Checksum: 179db43dd

Time (s): cpu = 00:00:00 ; elapsed = 00:00:00.435 . Memory (MB): peak = 1737.055 ; gain = 0.000
Phase 1 Placer Initialization | Checksum: 179db43dd

Time (s): cpu = 00:00:00 ; elapsed = 00:00:00.439 . Memory (MB): peak = 1737.055 ; gain = 0.000

Phase 2 Global Placement

Phase 2.1 Floorplanning
Phase 2.1 Floorplanning | Checksum: 17e6877c2

Time (s): cpu = 00:00:01 ; elapsed = 00:00:00.548 . Memory (MB): peak = 1737.055 ; gain = 0.000

Phase 2.2 Update Timing before SLR Path Opt
Phase 2.2 Update Timing before SLR Path Opt | Checksum: ff26714f

Time (s): cpu = 00:00:01 ; elapsed = 00:00:00.605 . Memory (MB): peak = 1737.055 ; gain = 0.000

Phase 2.3 Post-Processing in Floorplanning
Phase 2.3 Post-Processing in Floorplanning | Checksum: ff26714f

Time (s): cpu = 00:00:01 ; elapsed = 00:00:00.606 . Memory (MB): peak = 1737.055 ; gain = 0.000

Phase 2.4 Global Placement Core

Phase 2.4.1 Physical Synthesis In Placer
INFO: [Physopt 32-1035] Found 0 LUTNM shape to break, 4 LUT instances to create LUTNM shape
INFO: [Physopt 32-1044] Break lutnm for timing: one critical 0, two critical 0, total 0, new lutff created 0
INFO: [Physopt 32-1138] End 1 Pass. Optimized 2 nets or LUTs. Breaked 0 LUT, combined 2 existing LUTs and moved 0 existing LUT
INFO: [Physopt 32-65] No nets found for high-fanout optimization.
INFO: [Physopt 32-232] Optimized 0 net. Created 0 new instance.
INFO: [Physopt 32-775] End 1 Pass. Optimized 0 net or cell. Created 0 new cell, deleted 0 existing cell and moved 0 existing cell
INFO: [Physopt 32-670] No setup violation found.  DSP Register Optimization was not performed.
INFO: [Physopt 32-670] No setup violation found.  Shift Register to Pipeline Optimization was not performed.
INFO: [Physopt 32-670] No setup violation found.  Shift Register Optimization was not performed.
INFO: [Physopt 32-670] No setup violation found.  BRAM Register Optimization was not performed.
INFO: [Physopt 32-670] No setup violation found.  URAM Register Optimization was not performed.
INFO: [Physopt 32-949] No candidate nets found for dynamic/static region interface net replication
INFO: [Physopt 32-775] End 1 Pass. Optimized 0 net or cell. Created 0 new cell, deleted 0 existing cell and moved 0 existing cell
Netlist sorting complete. Time (s): cpu = 00:00:00 ; elapsed = 00:00:00 . Memory (MB): peak = 1737.055 ; gain = 0.000

Summary of Physical Synthesis Optimizations
============================================


-----------------------------------------------------------------------------------------------------------------------------------------------------------
|  Optimization                                     |  Added Cells  |  Removed Cells  |  Optimized Cells/Nets  |  Dont Touch  |  Iterations  |  Elapsed   |
-----------------------------------------------------------------------------------------------------------------------------------------------------------
|  LUT Combining                                    |            0  |              2  |                     2  |           0  |           1  |  00:00:00  |
|  Retime                                           |            0  |              0  |                     0  |           0  |           1  |  00:00:00  |
|  Very High Fanout                                 |            0  |              0  |                     0  |           0  |           1  |  00:00:00  |
|  DSP Register                                     |            0  |              0  |                     0  |           0  |           0  |  00:00:00  |
|  Shift Register to Pipeline                       |            0  |              0  |                     0  |           0  |           0  |  00:00:00  |
|  Shift Register                                   |            0  |              0  |                     0  |           0  |           0  |  00:00:00  |
|  BRAM Register                                    |            0  |              0  |                     0  |           0  |           0  |  00:00:00  |
|  URAM Register                                    |            0  |              0  |                     0  |           0  |           0  |  00:00:00  |
|  Dynamic/Static Region Interface Net Replication  |            0  |              0  |                     0  |           0  |           1  |  00:00:00  |
|  Total                                            |            0  |              2  |                     2  |           0  |           4  |  00:00:00  |
-----------------------------------------------------------------------------------------------------------------------------------------------------------


Phase 2.4.1 Physical Synthesis In Placer | Checksum: 1d210db6d

Time (s): cpu = 00:00:02 ; elapsed = 00:00:01 . Memory (MB): peak = 1737.055 ; gain = 0.000
Phase 2.4 Global Placement Core | Checksum: 2569d0a85

Time (s): cpu = 00:00:02 ; elapsed = 00:00:01 . Memory (MB): peak = 1737.055 ; gain = 0.000
Phase 2 Global Placement | Checksum: 2569d0a85

Time (s): cpu = 00:00:02 ; elapsed = 00:00:01 . Memory (MB): peak = 1737.055 ; gain = 0.000

Phase 3 Detail Placement

Phase 3.1 Commit Multi Column Macros
Phase 3.1 Commit Multi Column Macros | Checksum: 2485189c8

Time (s): cpu = 00:00:02 ; elapsed = 00:00:01 . Memory (MB): peak = 1737.055 ; gain = 0.000

Phase 3.2 Commit Most Macros & LUTRAMs
Phase 3.2 Commit Most Macros & LUTRAMs | Checksum: 14cd1fe3e

Time (s): cpu = 00:00:02 ; elapsed = 00:00:01 . Memory (MB): peak = 1737.055 ; gain = 0.000

Phase 3.3 Area Swap Optimization
Phase 3.3 Area Swap Optimization | Checksum: 17db769e6

Time (s): cpu = 00:00:02 ; elapsed = 00:00:01 . Memory (MB): peak = 1737.055 ; gain = 0.000

Phase 3.4 Pipeline Register Optimization
Phase 3.4 Pipeline Register Optimization | Checksum: 1325fc877

Time (s): cpu = 00:00:02 ; elapsed = 00:00:01 . Memory (MB): peak = 1737.055 ; gain = 0.000

Phase 3.5 Small Shape Detail Placement
Phase 3.5 Small Shape Detail Placement | Checksum: 1cbc9f980

Time (s): cpu = 00:00:02 ; elapsed = 00:00:02 . Memory (MB): peak = 1737.055 ; gain = 0.000

Phase 3.6 Re-assign LUT pins
Phase 3.6 Re-assign LUT pins | Checksum: 1b756c516

Time (s): cpu = 00:00:02 ; elapsed = 00:00:02 . Memory (MB): peak = 1737.055 ; gain = 0.000

Phase 3.7 Pipeline Register Optimization
Phase 3.7 Pipeline Register Optimization | Checksum: 1fcbee3a7

Time (s): cpu = 00:00:02 ; elapsed = 00:00:02 . Memory (MB): peak = 1737.055 ; gain = 0.000
Phase 3 Detail Placement | Checksum: 1fcbee3a7

Time (s): cpu = 00:00:02 ; elapsed = 00:00:02 . Memory (MB): peak = 1737.055 ; gain = 0.000

Phase 4 Post Placement Optimization and Clean-Up

Phase 4.1 Post Commit Optimization
INFO: [Timing 38-35] Done setting XDC timing constraints.

Phase 4.1.1 Post Placement Optimization
Post Placement Optimization Initialization | Checksum: 1aaaefc3e

Phase 4.1.1.1 BUFG Insertion

Starting Physical Synthesis Task

Phase 1 Physical Synthesis Initialization
INFO: [Physopt 32-721] Multithreading enabled for phys_opt_design using a maximum of 2 CPUs
INFO: [Physopt 32-619] Estimated Timing Summary | WNS=5.177 | TNS=0.000 |
Phase 1 Physical Synthesis Initialization | Checksum: 24dc0c6ea

Time (s): cpu = 00:00:00 ; elapsed = 00:00:00.014 . Memory (MB): peak = 1737.055 ; gain = 0.000
INFO: [Place 46-56] BUFG insertion identified 0 candidate nets. Inserted BUFG: 0, Replicated BUFG Driver: 0, Skipped due to Placement/Routing Conflicts: 0, Skipped due to Timing Degradation: 0, Skipped due to Illegal Netlist: 0.
Ending Physical Synthesis Task | Checksum: 1dcf1e6c5

Time (s): cpu = 00:00:00 ; elapsed = 00:00:00.015 . Memory (MB): peak = 1737.055 ; gain = 0.000
Phase 4.1.1.1 BUFG Insertion | Checksum: 1aaaefc3e

Time (s): cpu = 00:00:03 ; elapsed = 00:00:02 . Memory (MB): peak = 1737.055 ; gain = 0.000

Phase 4.1.1.2 Post Placement Timing Optimization
INFO: [Place 30-746] Post Placement Timing Summary WNS=5.177. For the most accurate timing information please run report_timing.
Phase 4.1.1.2 Post Placement Timing Optimization | Checksum: 1348c30e2

Time (s): cpu = 00:00:03 ; elapsed = 00:00:02 . Memory (MB): peak = 1737.055 ; gain = 0.000

Time (s): cpu = 00:00:03 ; elapsed = 00:00:02 . Memory (MB): peak = 1737.055 ; gain = 0.000
Phase 4.1 Post Commit Optimization | Checksum: 1348c30e2

Time (s): cpu = 00:00:03 ; elapsed = 00:00:02 . Memory (MB): peak = 1737.055 ; gain = 0.000

Phase 4.2 Post Placement Cleanup
Phase 4.2 Post Placement Cleanup | Checksum: 1348c30e2

Time (s): cpu = 00:00:03 ; elapsed = 00:00:02 . Memory (MB): peak = 1737.055 ; gain = 0.000

Phase 4.3 Placer Reporting

Phase 4.3.1 Print Estimated Congestion
INFO: [Place 30-612] Post-Placement Estimated Congestion 
 ____________________________________________________
|           | Global Congestion | Short Congestion  |
| Direction | Region Size       | Region Size       |
|___________|___________________|___________________|
|      North|                1x1|                1x1|
|___________|___________________|___________________|
|      South|                1x1|                1x1|
|___________|___________________|___________________|
|       East|                1x1|                1x1|
|___________|___________________|___________________|
|       West|                1x1|                1x1|
|___________|___________________|___________________|

Phase 4.3.1 Print Estimated Congestion | Checksum: 1348c30e2

Time (s): cpu = 00:00:03 ; elapsed = 00:00:02 . Memory (MB): peak = 1737.055 ; gain = 0.000
Phase 4.3 Placer Reporting | Checksum: 1348c30e2

Time (s): cpu = 00:00:03 ; elapsed = 00:00:02 . Memory (MB): peak = 1737.055 ; gain = 0.000

Phase 4.4 Final Placement Cleanup
Netlist sorting complete. Time (s): cpu = 00:00:00 ; elapsed = 00:00:00 . Memory (MB): peak = 1737.055 ; gain = 0.000

Time (s): cpu = 00:00:03 ; elapsed = 00:00:02 . Memory (MB): peak = 1737.055 ; gain = 0.000
Phase 4 Post Placement Optimization and Clean-Up | Checksum: 11a4f2fd9

Time (s): cpu = 00:00:03 ; elapsed = 00:00:02 . Memory (MB): peak = 1737.055 ; gain = 0.000
Ending Placer Task | Checksum: c4de6a09

Time (s): cpu = 00:00:03 ; elapsed = 00:00:02 . Memory (MB): peak = 1737.055 ; gain = 0.000
INFO: [Common 17-83] Releasing license: Implementation
61 Infos, 0 Warnings, 0 Critical Warnings and 0 Errors encountered.
place_design completed successfully
INFO: [Timing 38-480] Writing timing data to binary archive.
Writing placer database...
Writing XDEF routing.
Writing XDEF routing logical nets.
Writing XDEF routing special nets.
Write XDEF Complete: Time (s): cpu = 00:00:00 ; elapsed = 00:00:00.042 . Memory (MB): peak = 1737.055 ; gain = 0.000
INFO: [Common 17-1381] The checkpoint 'C:/Users/CompStruct/Desktop/wordle/wordle4/work/vivado/wordle4/wordle4.runs/impl_1/au_top_0_placed.dcp' has been generated.
INFO: [runtcl-4] Executing : report_io -file au_top_0_io_placed.rpt
report_io: Time (s): cpu = 00:00:00 ; elapsed = 00:00:00.051 . Memory (MB): peak = 1737.055 ; gain = 0.000
INFO: [runtcl-4] Executing : report_utilization -file au_top_0_utilization_placed.rpt -pb au_top_0_utilization_placed.pb
INFO: [runtcl-4] Executing : report_control_sets -verbose -file au_top_0_control_sets_placed.rpt
report_control_sets: Time (s): cpu = 00:00:00 ; elapsed = 00:00:00.002 . Memory (MB): peak = 1737.055 ; gain = 0.000
Command: phys_opt_design
Attempting to get a license for feature 'Implementation' and/or device 'xc7a35t'
INFO: [Common 17-349] Got license for feature 'Implementation' and/or device 'xc7a35t'
INFO: [Vivado_Tcl 4-383] Design worst setup slack (WNS) is greater than or equal to 0.000 ns. Skipping all physical synthesis optimizations.
INFO: [Vivado_Tcl 4-232] No setup violation found. The netlist was not modified.
INFO: [Common 17-83] Releasing license: Implementation
70 Infos, 0 Warnings, 0 Critical Warnings and 0 Errors encountered.
phys_opt_design completed successfully
INFO: [Timing 38-480] Writing timing data to binary archive.
Writing placer database...
Writing XDEF routing.
Writing XDEF routing logical nets.
Writing XDEF routing special nets.
Write XDEF Complete: Time (s): cpu = 00:00:00 ; elapsed = 00:00:00.049 . Memory (MB): peak = 1737.055 ; gain = 0.000
INFO: [Common 17-1381] The checkpoint 'C:/Users/CompStruct/Desktop/wordle/wordle4/work/vivado/wordle4/wordle4.runs/impl_1/au_top_0_physopt.dcp' has been generated.
Command: route_design
Attempting to get a license for feature 'Implementation' and/or device 'xc7a35t'
INFO: [Common 17-349] Got license for feature 'Implementation' and/or device 'xc7a35t'
Running DRC as a precondition to command route_design
INFO: [DRC 23-27] Running DRC with 2 threads
INFO: [Vivado_Tcl 4-198] DRC finished with 0 Errors
INFO: [Vivado_Tcl 4-199] Please refer to the DRC report (report_drc) for more information.


Starting Routing Task
INFO: [Route 35-254] Multithreading enabled for route_design using a maximum of 2 CPUs

Phase 1 Build RT Design
Checksum: PlaceDB: 5ac4b107 ConstDB: 0 ShapeSum: 6a19b902 RouteDB: 0
Post Restoration Checksum: NetGraph: 9aff53ac NumContArr: 27670c39 Constraints: 0 Timing: 0
Phase 1 Build RT Design | Checksum: c2665fe5

Time (s): cpu = 00:00:20 ; elapsed = 00:00:18 . Memory (MB): peak = 1809.734 ; gain = 65.578

Phase 2 Router Initialization

Phase 2.1 Create Timer
Phase 2.1 Create Timer | Checksum: c2665fe5

Time (s): cpu = 00:00:20 ; elapsed = 00:00:18 . Memory (MB): peak = 1809.738 ; gain = 65.582

Phase 2.2 Fix Topology Constraints
Phase 2.2 Fix Topology Constraints | Checksum: c2665fe5

Time (s): cpu = 00:00:20 ; elapsed = 00:00:18 . Memory (MB): peak = 1815.785 ; gain = 71.629

Phase 2.3 Pre Route Cleanup
Phase 2.3 Pre Route Cleanup | Checksum: c2665fe5

Time (s): cpu = 00:00:20 ; elapsed = 00:00:18 . Memory (MB): peak = 1815.785 ; gain = 71.629
 Number of Nodes with overlaps = 0

Phase 2.4 Update Timing
Phase 2.4 Update Timing | Checksum: 110e45022

Time (s): cpu = 00:00:20 ; elapsed = 00:00:18 . Memory (MB): peak = 1821.344 ; gain = 77.188
INFO: [Route 35-416] Intermediate Timing Summary | WNS=5.185  | TNS=0.000  | WHS=-0.092 | THS=-1.346 |


Router Utilization Summary
  Global Vertical Routing Utilization    = 0 %
  Global Horizontal Routing Utilization  = 0 %
  Routable Net Status*
  *Does not include unroutable nets such as driverless and loadless.
  Run report_route_status for detailed report.
  Number of Failed Nets               = 181
    (Failed Nets is the sum of unrouted and partially routed nets)
  Number of Unrouted Nets             = 181
  Number of Partially Routed Nets     = 0
  Number of Node Overlaps             = 0

Phase 2 Router Initialization | Checksum: 1150057d0

Time (s): cpu = 00:00:20 ; elapsed = 00:00:18 . Memory (MB): peak = 1823.102 ; gain = 78.945

Phase 3 Initial Routing

Phase 3.1 Global Routing
Phase 3.1 Global Routing | Checksum: 1150057d0

Time (s): cpu = 00:00:20 ; elapsed = 00:00:18 . Memory (MB): peak = 1823.102 ; gain = 78.945
Phase 3 Initial Routing | Checksum: 284b595b3

Time (s): cpu = 00:00:21 ; elapsed = 00:00:18 . Memory (MB): peak = 1823.102 ; gain = 78.945

Phase 4 Rip-up And Reroute

Phase 4.1 Global Iteration 0
 Number of Nodes with overlaps = 3
 Number of Nodes with overlaps = 0
INFO: [Route 35-416] Intermediate Timing Summary | WNS=5.111  | TNS=0.000  | WHS=N/A    | THS=N/A    |

Phase 4.1 Global Iteration 0 | Checksum: 20702b264

Time (s): cpu = 00:00:21 ; elapsed = 00:00:18 . Memory (MB): peak = 1823.102 ; gain = 78.945

Phase 4.2 Global Iteration 1
 Number of Nodes with overlaps = 0
INFO: [Route 35-416] Intermediate Timing Summary | WNS=5.111  | TNS=0.000  | WHS=N/A    | THS=N/A    |

Phase 4.2 Global Iteration 1 | Checksum: 10790f8b2

Time (s): cpu = 00:00:21 ; elapsed = 00:00:18 . Memory (MB): peak = 1823.102 ; gain = 78.945
Phase 4 Rip-up And Reroute | Checksum: 10790f8b2

Time (s): cpu = 00:00:21 ; elapsed = 00:00:18 . Memory (MB): peak = 1823.102 ; gain = 78.945

Phase 5 Delay and Skew Optimization

Phase 5.1 Delay CleanUp
Phase 5.1 Delay CleanUp | Checksum: 10790f8b2

Time (s): cpu = 00:00:21 ; elapsed = 00:00:18 . Memory (MB): peak = 1823.102 ; gain = 78.945

Phase 5.2 Clock Skew Optimization
Phase 5.2 Clock Skew Optimization | Checksum: 10790f8b2

Time (s): cpu = 00:00:21 ; elapsed = 00:00:18 . Memory (MB): peak = 1823.102 ; gain = 78.945
Phase 5 Delay and Skew Optimization | Checksum: 10790f8b2

Time (s): cpu = 00:00:21 ; elapsed = 00:00:18 . Memory (MB): peak = 1823.102 ; gain = 78.945

Phase 6 Post Hold Fix

Phase 6.1 Hold Fix Iter

Phase 6.1.1 Update Timing
Phase 6.1.1 Update Timing | Checksum: da3f6591

Time (s): cpu = 00:00:21 ; elapsed = 00:00:18 . Memory (MB): peak = 1823.102 ; gain = 78.945
INFO: [Route 35-416] Intermediate Timing Summary | WNS=5.205  | TNS=0.000  | WHS=0.182  | THS=0.000  |

Phase 6.1 Hold Fix Iter | Checksum: 13ed0a783

Time (s): cpu = 00:00:21 ; elapsed = 00:00:18 . Memory (MB): peak = 1823.102 ; gain = 78.945
Phase 6 Post Hold Fix | Checksum: 13ed0a783

Time (s): cpu = 00:00:21 ; elapsed = 00:00:18 . Memory (MB): peak = 1823.102 ; gain = 78.945

Phase 7 Route finalize

Router Utilization Summary
  Global Vertical Routing Utilization    = 0.0512637 %
  Global Horizontal Routing Utilization  = 0.0486726 %
  Routable Net Status*
  *Does not include unroutable nets such as driverless and loadless.
  Run report_route_status for detailed report.
  Number of Failed Nets               = 0
    (Failed Nets is the sum of unrouted and partially routed nets)
  Number of Unrouted Nets             = 0
  Number of Partially Routed Nets     = 0
  Number of Node Overlaps             = 0

Phase 7 Route finalize | Checksum: edca371f

Time (s): cpu = 00:00:21 ; elapsed = 00:00:18 . Memory (MB): peak = 1823.102 ; gain = 78.945

Phase 8 Verifying routed nets

 Verification completed successfully
Phase 8 Verifying routed nets | Checksum: edca371f

Time (s): cpu = 00:00:21 ; elapsed = 00:00:18 . Memory (MB): peak = 1823.828 ; gain = 79.672

Phase 9 Depositing Routes
Phase 9 Depositing Routes | Checksum: 196c56a04

Time (s): cpu = 00:00:21 ; elapsed = 00:00:18 . Memory (MB): peak = 1823.828 ; gain = 79.672

Phase 10 Post Router Timing
INFO: [Route 35-57] Estimated Timing Summary | WNS=5.205  | TNS=0.000  | WHS=0.182  | THS=0.000  |

INFO: [Route 35-327] The final timing numbers are based on the router estimated timing analysis. For a complete and accurate timing signoff, please run report_timing_summary.
Phase 10 Post Router Timing | Checksum: 196c56a04

Time (s): cpu = 00:00:21 ; elapsed = 00:00:18 . Memory (MB): peak = 1823.828 ; gain = 79.672
INFO: [Route 35-16] Router Completed Successfully

Time (s): cpu = 00:00:21 ; elapsed = 00:00:18 . Memory (MB): peak = 1823.828 ; gain = 79.672

Routing Is Done.
INFO: [Common 17-83] Releasing license: Implementation
85 Infos, 0 Warnings, 0 Critical Warnings and 0 Errors encountered.
route_design completed successfully
route_design: Time (s): cpu = 00:00:23 ; elapsed = 00:00:19 . Memory (MB): peak = 1823.828 ; gain = 86.773
INFO: [Timing 38-480] Writing timing data to binary archive.
Writing placer database...
Writing XDEF routing.
Writing XDEF routing logical nets.
Writing XDEF routing special nets.
Write XDEF Complete: Time (s): cpu = 00:00:00 ; elapsed = 00:00:00.076 . Memory (MB): peak = 1833.680 ; gain = 9.852
INFO: [Common 17-1381] The checkpoint 'C:/Users/CompStruct/Desktop/wordle/wordle4/work/vivado/wordle4/wordle4.runs/impl_1/au_top_0_routed.dcp' has been generated.
INFO: [runtcl-4] Executing : report_drc -file au_top_0_drc_routed.rpt -pb au_top_0_drc_routed.pb -rpx au_top_0_drc_routed.rpx
Command: report_drc -file au_top_0_drc_routed.rpt -pb au_top_0_drc_routed.pb -rpx au_top_0_drc_routed.rpx
INFO: [IP_Flow 19-1839] IP Catalog is up to date.
INFO: [DRC 23-27] Running DRC with 2 threads
INFO: [Vivado_Tcl 2-168] The results of DRC are in file C:/Users/CompStruct/Desktop/wordle/wordle4/work/vivado/wordle4/wordle4.runs/impl_1/au_top_0_drc_routed.rpt.
report_drc completed successfully
INFO: [runtcl-4] Executing : report_methodology -file au_top_0_methodology_drc_routed.rpt -pb au_top_0_methodology_drc_routed.pb -rpx au_top_0_methodology_drc_routed.rpx
Command: report_methodology -file au_top_0_methodology_drc_routed.rpt -pb au_top_0_methodology_drc_routed.pb -rpx au_top_0_methodology_drc_routed.rpx
INFO: [Timing 38-35] Done setting XDC timing constraints.
INFO: [DRC 23-133] Running Methodology with 2 threads
INFO: [Vivado_Tcl 2-1520] The results of Report Methodology are in file C:/Users/CompStruct/Desktop/wordle/wordle4/work/vivado/wordle4/wordle4.runs/impl_1/au_top_0_methodology_drc_routed.rpt.
report_methodology completed successfully
INFO: [runtcl-4] Executing : report_power -file au_top_0_power_routed.rpt -pb au_top_0_power_summary_routed.pb -rpx au_top_0_power_routed.rpx
Command: report_power -file au_top_0_power_routed.rpt -pb au_top_0_power_summary_routed.pb -rpx au_top_0_power_routed.rpx
INFO: [Timing 38-35] Done setting XDC timing constraints.
Running Vector-less Activity Propagation...

Finished Running Vector-less Activity Propagation
97 Infos, 0 Warnings, 0 Critical Warnings and 0 Errors encountered.
report_power completed successfully
INFO: [runtcl-4] Executing : report_route_status -file au_top_0_route_status.rpt -pb au_top_0_route_status.pb
INFO: [runtcl-4] Executing : report_timing_summary -max_paths 10 -report_unconstrained -file au_top_0_timing_summary_routed.rpt -pb au_top_0_timing_summary_routed.pb -rpx au_top_0_timing_summary_routed.rpx -warn_on_violation 
INFO: [Timing 38-91] UpdateTimingParams: Speed grade: -1, Delay Type: min_max.
INFO: [Timing 38-191] Multithreading enabled for timing update using a maximum of 2 CPUs
INFO: [runtcl-4] Executing : report_incremental_reuse -file au_top_0_incremental_reuse_routed.rpt
INFO: [Vivado_Tcl 4-1062] Incremental flow is disabled. No incremental reuse Info to report.
INFO: [runtcl-4] Executing : report_clock_utilization -file au_top_0_clock_utilization_routed.rpt
INFO: [runtcl-4] Executing : report_bus_skew -warn_on_violation -file au_top_0_bus_skew_routed.rpt -pb au_top_0_bus_skew_routed.pb -rpx au_top_0_bus_skew_routed.rpx
INFO: [Timing 38-91] UpdateTimingParams: Speed grade: -1, Delay Type: min_max.
INFO: [Timing 38-191] Multithreading enabled for timing update using a maximum of 2 CPUs
Command: write_bitstream -force au_top_0.bit -bin_file
Attempting to get a license for feature 'Implementation' and/or device 'xc7a35t'
INFO: [Common 17-349] Got license for feature 'Implementation' and/or device 'xc7a35t'
Running DRC as a precondition to command write_bitstream
INFO: [IP_Flow 19-1839] IP Catalog is up to date.
INFO: [DRC 23-27] Running DRC with 2 threads
INFO: [Vivado 12-3199] DRC finished with 0 Errors
INFO: [Vivado 12-3200] Please refer to the DRC report (report_drc) for more information.
INFO: [Designutils 20-2272] Running write_bitstream with 2 threads.
Loading data files...
Loading site data...
Loading route data...
Processing options...
Creating bitmap...
Creating bitstream...
Bitstream compression saved 15029696 bits.
Writing bitstream ./au_top_0.bit...
Writing bitstream ./au_top_0.bin...
INFO: [Vivado 12-1842] Bitgen Completed Successfully.
INFO: [Project 1-1876] WebTalk data collection is mandatory when using a ULT device. To see the specific WebTalk data collected for your design, open the usage_statistics_webtalk.html or usage_statistics_webtalk.xml file in the implementation directory.
INFO: [Common 17-83] Releasing license: Implementation
12 Infos, 0 Warnings, 0 Critical Warnings and 0 Errors encountered.
write_bitstream completed successfully
write_bitstream: Time (s): cpu = 00:00:10 ; elapsed = 00:00:09 . Memory (MB): peak = 2286.344 ; gain = 422.695
INFO: [Common 17-206] Exiting Vivado at Tue Apr 12 13:06:20 2022...
[Tue Apr 12 13:06:20 2022] impl_1 finished
wait_on_runs: Time (s): cpu = 00:00:00 ; elapsed = 00:01:06 . Memory (MB): peak = 1247.828 ; gain = 0.000
INFO: [Common 17-206] Exiting Vivado at Tue Apr 12 13:06:20 2022...
Vivado exited.

Finished building project.
